  iserreg,isernb=          40          40





               N  NFIX  NCRIT  NRAND  NNBOPT  NRUN

           50000     1     10   1883      80     1


             ETAI      ETAR      RS0       DTADJ     DELTAT     TCRITp    TCRIT     QE        RBAR       ZMBAR

             1.0E-03   1.0E-03   2.0E-01   1.0E-04   1.0E-04   1.0E+06   1.0E+01   2.0E-05   1.0E+00   7.0E-01


            OPTIONS

           1  2  3  4  5  6  7  8  9 10 11 12 13 14 15 16 17 18 19 20 21 22 23 24 25 26 27 28 29 30 31 32 33 34 35 36 37 38 39 40

           1  1  1  0  1  1  4  0  0  2  1  0  0  0  2  1  0  0  0  0  1  6  2  0  0  2  0  0  0  2  0  0  2  0  1  0  1  1  0  1  0  0  0  0  0  0  0  0  0  0


            DTMIN     RMIN      ETAU      ECLOSE    GMIN      GMAX

            1.0E-04   1.0E-02   2.0E-01   1.0E+00   1.0E-06   1.0E-02

  ****** NOTE: new random number seed initialisation!
  ****** AND new ran2 from new ed. of Press et al.

  rank            0       50000  body data read from unit 10  RTIDE =   0.00000000000000     

             ALPHAS = 2.35  BODY1 = 20.0  BODYN = 0.10 ZMASS = 5.00000E+04 NBIN0 =    0 NHI0 =    0 ZMET = 0.0000 EPOCH0 = 0.00


            SCALING:   SX =  3.01072D+00  E = -8.30E-02  M(1) = 2.00E-05  M(N) = 2.00E-05  <M> = 2.00E-05

            TIME SCALES:   TRH = 8.9E+02  TCR = 2.8E+00  2<R>/<V> = 2.8E+00


            PHYSICAL SCALING:    R* = 1.00  M* = 35000.0  V* =12.269  T* = 0.080  <M> = 0.70  SU = 4.4E+07
  fpoly1 time=   54.6947678178549     
  fpoly2 time=   57.1314849704504     

    TIME  M/MT:    1.00D-02  2.00D-02  5.00D-02  1.00D-01  2.00D-01  3.00D-01  4.00D-01  5.00D-01  7.00D-01  9.00D-01  1.00D+00 <RC
      0.0 RLAGR:   3.66D-02  5.46D-02  9.61D-02  1.55D-01  2.71D-01  4.04D-01  5.75D-01  8.06D-01  1.70D+00  6.04D+00  3.28D+02  1.85D-02
      0.0 AVMASS:  2.00D-05  2.00D-05  2.00D-05  2.00D-05  2.00D-05  2.00D-05  2.00D-05  2.00D-05  2.00D-05  2.00D-05  2.00D-05  2.00D-05
      0.0 NPARTC:       500       500      1501      2500      5000      5000      5000      5000      9999     10000      5000       146
      0.0 SIGR2:   2.18D-01  2.52D-01  3.02D-01  3.24D-01  3.01D-01  2.54D-01  2.21D-01  1.88D-01  1.29D-01  6.28D-02  1.50D-02  1.58D-01
      0.0 SIGT2:   2.36D-01  2.99D-01  3.12D-01  3.18D-01  2.98D-01  2.60D-01  2.23D-01  1.81D-01  1.30D-01  6.27D-02  1.55D-02  1.78D-01
      0.0 VROT:    1.03D-04  3.86D-02 -4.96D-03  6.67D-03 -7.83D-03  1.18D-02 -1.13D-02  3.99D-03 -2.32D-03  6.08D-03  1.44D-03  4.89D-01

  0 ADJUST:  TIME =    0.00000D+00  T[Myr] =     0.00  Q = 0.50  DE =   0.000E+00 DE1 =   0.000E+00 E =  -2.500E-01 EBIN=   0.000E+00 EMERGE=   0.000E+00

  RMIN = 7.4E-06  DTMIN = 4.0E-08 RHOM = 5.1E+03 RSCALE = 8.1E-01 RSMIN = 2.0E-01  ECLOSE = 1.00  TC =    0
  PE  N       ttot            treg      tirr      tpredtot  tint      tinit      tks      ttcomm    tadj     tmov      tprednb    tsub     tsub2    xtsub1   xtsub2
   2 50000    220.49958      0.00      0.00      0.00      0.00      0.00      0.00      0.00      0.00      0.00      0.00      0.00      0.00  0.00000D+00  0.00000D+00


  0 T =    0.0  N =   50000  <NB> =  128  KS =      0  NM = 0 MM = 0 NS =   50000 NSTEPS =          0         0         0          0  DE =   0.000000E+00  E =        -0.250000

 NRUN =  1  M# =  1  CPU = 3.71834E+00  TRC =  0.2  DMIN = 1.0E+02 1.0E+02 1.0E+02 1.0E+02  AMIN = 1.0E+02  RMAX = 0.0E+00  RSMIN = 0.20  NEFF = 50000

    <R>  RTIDE  RDENS   RC      NC   MC   RHOD   RHOM  CMAX   <Cn>  Ir/R    UN    NP    RCM    VCM         AZ     EB/E   EM/E   TCR     T6  NESC  VRMS
 #1 0.81   8.1   0.04  0.02    146  0.003  663.  5063.  380. 206.8  0.04     0     0    0.000  0.0000  -0.003566  0.000  0.000  2.83     0     0   9.7

       NNPRED    NBCORR  NBFULL  NBVOID     NICONV  NBSMIN  NBDIS  NBDIS2  NCMDER  NBDER  NFAST  NBFAST    NBLOCK  NBLCKR    NBPRED      NBFLUX NIRECT  NRRECT  NURECT
 #2         0         0   59442     840         0       0      0       0       0      0      0       0         0         0          0          0       0       0       0

     NKSTRY  NKSREG  NKSHYP     NKSPER  NPRECT  NEWKS   NKSMOD  NTTRY  NTRIP  NQUAD  NCHAIN  NMERG  NEWHI  NSTEPT  NSTEPQ  NSTEPC
 #3       0       0       0          0       0       0       0      0      0      0       0      0       0       0       0         0
 STEP I     0    3  206 2418 4590 3379 3610 4465 5331 5727 6114 5721 4172 2391 1197  506  125   37    2    4    0    2

 STEP R     0    3  214 2651 6005 7425 8500 8395 7540 5738 2671  735  100   20    2    1
 Max Speedup Irr:     4 0.00D+00    8 0.00D+00   16 0.00D+00   32 0.00D+00   64 0.00D+00  128 0.00D+00  256 0.00D+00  512 0.00D+00 1024 0.00D+00
 Max Speedup Reg:     4 0.00D+00    8 0.00D+00   16 0.00D+00   32 0.00D+00   64 0.00D+00  128 0.00D+00  256 0.00D+00  512 0.00D+00 1024 0.00D+00
Job  /ifs/manage/lsf/7.0/linux2.6-glibc2.3-x86_64/bin/openmpi-qlc_wrapper --prefix /usr/mpi/gcc/openmpi-1.3.2-qlc -x LD_LIBRARY_PATH=/export/CUDA/4.0/lib64:/usr/mpi/gcc/openmpi-1.3.2-qlc/lib64 ./nbody6.gpu

TID   HOST_NAME   COMMAND_LINE            STATUS            TERMINATION_TIME
===== ========== ================  =======================  ===================
00000 c1104      ./nbody6.gpu      Killed by PAM (SIGKILL)  01/24/2013 21:43:20
00001 c0504      ./nbody6.gpu      Killed by PAM (SIGKILL)  01/24/2013 21:43:19
