MPI-initial: This is rank=     0 size=     2 group=          2
MPI-initial: This is rank=     1 size=     2 group=          2
 RANK:            1  OpenMP Number of Threads:            8
 RANK:            0  OpenMP Number of Threads:            8
  iserreg,isernb,iserks,ithread=         320         320         640           8





               N  NFIX  NCRIT  NRAND  NNBOPT  NRUN

           16000     1     10  43532     100     1


             ETAI      ETAR      RS0       DTADJ     DELTAT     TCRITP    TCRIT     QE        RBAR       ZMBAR

             2.0E-02   2.0E-02   1.0E-01   1.0E+00   1.0E+00   1.0E+06   1.0E+01   2.0E-05   1.0E+00   7.0E-01


            OPTIONS

           1  2  3  4  5  6  7  8  9 10 11 12 13 14 15 16 17 18 19 20 21 22 23 24 25 26 27 28 29 30 31 32 33 34 35 36 37 38 39 40 41 42 43 44 45 46 47 48 49 50

           0  1  1  0  1  0  4  0  0  2  0  1  0  1  2  0  0  0  3  6  1  0  2  0  0  2  0  0  0  2  1  0  2  1  1  0  1  1  0  0  0  0  0  0  0  0  0  0  0  0


            DTMIN     RMIN      ETAU      ECLOSE    GMIN      GMAX     SMAX

            4.0E-06   5.0E-04   1.0E-01   1.0E+00   1.0E-06   1.0E-02   1.0E+00

 The 5-part power-law MF:
   ML      MH      M0      M1      M2      MU
   0.010   0.080   0.500   1.000   8.000 100.000
      ALPHA0  ALPHA1  ALPHA2  ALPHA3  ALPHA4
      0.300   1.300   2.300   2.300   2.300

 Number fractions for LM=  0.080, Msun, UM= 20.000 Msun:
  0.010 -  0.080 Msun: 0.0000
  0.080 -  0.500 Msun: 0.7620
  0.500 -  1.000 Msun: 0.1425
  1.000 -  8.000 Msun: 0.0909
  8.000 -100.000 Msun: 0.0045

 Mass fractions for LM=  0.080, Msun, UM= 20.000 Msun:
  0.010 -  0.080 Msun: 0.0000
  0.080 -  0.500 Msun: 0.3164
  0.500 -  1.000 Msun: 0.1918
  1.000 -  8.000 Msun: 0.3850
  8.000 -100.000 Msun: 0.1068
 Expected average stellar mass:   0.509 Msun


            SINGLE STAR IMF:    NS = 16000  RANGE =  1.98E+01  8.00E-02  <MS> = 4.96E-01

             ALPHAS = 2.35  BODY1 = 20.0  BODYN = 0.08 ZMASS = 1.60000E+04 NBIN0 =    0 NHI0 =    0 ZMET = 0.0010 EPOCH0 = 0.00


            SCALING:   SX =  9.58792D-01  E = -2.61E-01  M(1) = 2.49E-03  M(N) = 1.01E-05  <M> = 6.25E-05  Q =   0.50000

            TIME SCALES:   TRH = 3.2E+02  TCR = 2.8E+00  2<R>/<V> = 2.8E+00


            PHYSICAL SCALING:    R* =   1.000000000000E+00  M* =   7.939030313860E+03  V* =   5.843367426330E+00  T* =   1.676396705883E-01  <M> =   4.961893946162E-01  SU =   4.436632063264E+07

            TOTAL MASS =  7939.0  TIDAL(1&3) =  1.52E-03 -6.07E-03  PC/GM =  2.33E-08

            TIDAL PARAMETERS:    4.45E-05  0.00E+00 -1.78E-04  9.04E-03  TSCALE = 1.68E-01  RTIDE =  28.20254



            ABUNDANCES:  X = 0.757  Y = 0.242  Z = 0.0010

            KTYPE:    1   1 102 103 104 105 106   4 106 106   3   6   6  13  14
                      1   1 102 103 104 105 106   4 106 106   3   6   6  13  14
                    102 102 103 103 104 104 105 104 104 104 103 105 105 113 114
                    103 103 103 103 104 104 105 104 104 104 103 105 105 113 114
                    104 104 104 104 104 104 104 104 104 104 104 104 104 113 114
                    105 105 104 104 104 104 104 104 104 104 104 104 104 113 114
                    106 106 105 105 104 104 106 104 106 106 105 106 106 113 114
                      4   4 104 104 104 104 104   1 108 109   7   9   9  13  14
                    106 106 104 104 104 104 106 108 108 109 107 109 109 113 114
                    106 106 104 104 104 104 106 109 109 109 107 109 109 113 114
                      3   3 103 103 104 104 105   7 107 107  15   9   9  13  14
                      6   6 105 105 104 104 106   9 109 109   9  12  12  13  14
                      6   6 105 105 104 104 106   9 109 109   9  12  12  13  14
                     13  13 113 113 113 113 113  13 113 113  13  13  13  14  14
                     14  14 114 114 114 114 114  14 114 114  14  14  14  14  14

 Binary parameters: R12(min)[AU]       0.000000 R12(max)[AU]       0.000000 MCM(min)[M*]       0.000000 MCM(max)[M*]       0.000000 P[min][days]   1.233191-313 P[max][days]   1.517773-314

 Fpoly0 + Neighbor List Timing:        0.111638

 KS Perturbers List Initialization Timing:        0.000513

            WARNING!   SMALL NEIGHBOUR NUMBERS   <NNB> = 32.0

           TIME   M/MT:  1.00D-03  3.00D-03  5.00D-03  1.00D-02  3.00D-02  5.00D-02  1.00D-01  2.00D-01  3.00D-01  4.00D-01  5.00D-01  6.00D-01  7.00D-01  8.00D-01  9.00D-01  9.50D-01  9.90D-01  1.00D+00       <RC
     0.0000D+00 RLAGR:   6.46D-02  9.32D-02  1.02D-01  1.15D-01  1.82D-01  2.29D-01  3.03D-01  4.25D-01  5.37D-01  6.61D-01  7.83D-01  9.21D-01  1.16D+00  1.47D+00  2.18D+00  2.91D+00  4.85D+00  6.13D+00  2.97D-01
     0.0000D+00 AVMASS:  5.80D-05  8.55D-05  7.47D-05  9.16D-05  7.58D-05  7.16D-05  6.98D-05  6.51D-05  6.42D-05  6.27D-05  6.33D-05  6.37D-05  6.26D-05  6.27D-05  6.21D-05  6.25D-05  6.24D-05  6.25D-05  7.14D-05
     0.0000D+00 NPARTC:        18        50        67       110       396       700      1434      3074      4677      6383      7902      9415     11183     12768     14487     15212     15856     16000      1368

 ADJUST:  TIME    0.00000D+00  T[Myr]    0.00  Q 0.50  DE   0.000E+00 DELTA   0.000E+00 DETOT   0.000E+00 E  -2.500E-01 EKIN   2.500E-01 POT   5.000E-01 ETIDE   3.700E-05 ETOT  -2.500E-01 EBIN   0.000E+00 EMERGE   0.000E+00 ESUB   0.000E+00 ECOLL   0.000E+00 EMDOT   0.000E+00 ECDOT   0.000E+00

  RMIN = 5.0E-04  DTMIN = 4.0E-06 RHOM = 1.1E+02 RSCALE = 7.8E-01 RSMIN = 1.0E-01  ECLOSE = 1.00  TC =    0
  PE       N        Total     Inti.    Intgrt      Reg.      Irr.     Pred.   Init.B.      Mdot      Move   Comm.I.   Comm.R.   Send.I.   Send.R.        KS    Adjust     OUT      Barr.   Barr.I.   Barr.R. Reg.GPU.S Reg.GPU.P Comm.Adj. Mdot.Fic.  Mdot.Fc. Mdot.Pot.  Mdot.EC.   Sort.B.    HighV  KS.Init.B  KS.Int.S  KS.Int.P  KS.Comm.  KS.Barr.   KS.Move   KS.Cmb. KS.Insert  KS.Init.  KS.Term.     Hiar.     KS.UP   KS.TP      xtsub1       xtsub2
   2   16000      0.75966      0.00      0.00      0.00      0.00      0.00      0.00      0.00      0.00      0.00      0.07      0.00      0.00      0.00      0.00      0.00      0.01      0.00      0.00      0.00      0.00      0.00      0.00      0.00      0.00      0.00      0.00      0.00      0.00      0.00      0.00      0.00      0.00      0.00      0.00      0.00      0.00      0.00      0.00      0.00      0.00  0.00000D+00  5.28640D+07


 TIME[NB]    0.000000E+00  N    16000  <NB>    32  NPAIRS       0  NMERGE     0 MULT    0 NS    16000  NSTEP(I,B,R,U)             0            0            0            0  DE    0.000000E+00  E         -0.249963

 NRUN =  1  M# =  1  CPU = 1.26874E-02  TRC = 23.3  DMIN = 1.0E+02 1.0E+02 1.0E+02 1.0E+02  AMIN = 1.0E+02  RMAX = 0.0E+00  RSMIN = 0.10  NEFF =  3042

    <R>  RTIDE  RDENS   RC      NC   MC   RHOD   RHOM  CMAX   <Cn>  Ir/R      UN      NP    RCM    VCM         AZ     EB/E   EM/E   TCR     T6  NESC  VRMS
 #1 0.78  28.2   0.03  0.30   1368  0.098    7.   106.    8.  63.4  0.02       0       0    0.000  0.0000   0.012565 -0.000 -0.000  2.83     0     0   4.7

          NIRRF      NBCORR  NNPRED  NBFULL  NBVOID   NICONV  NLSMIN NBSMIN   NBDIS  NBDIS2  NCMDER  NFAST NBFAST      NBLOCK      NBLCKR    NBFLUX
 #2           0           0       0       0       0       0       0       0       0       0       0      0      0           0           0         0

        NKSTRY     NKSREG     NKSHYP     NKSPER  NKSMOD   NTTRY   NTRIP    NQUAD  NCHAIN     NMERG   NEWHI  NSTEPT  NSTEPQ  NSTEPC
 #3          0          0          0          0       0       0       0        0        0        0       0       0       0       0

        NMDOT NRG  NHE  NRS  NNH  NWD  NSN  NBH  NBS  ZMRG  ZMHE  ZMRS  ZMNH  ZMWD  ZMSN   ZMDOT  NTYPE
 #4        0    0    0    0    0    0    0    0    0   0.0   0.0   0.0   0.0   0.0   0.0     0.0  13474  2526

      NDISS NTIDE  NSYNC  NCOLL  NCOAL  NDD  NCIRC  NROCHE  NRO  NCE  NHYP  NHYPC  NKICK  EBIN   EMERGE  ECOLL  EMDOT  ECDOT  EKICK  ESESC   EBESC  EMESC  DEGRAV   EBIND  MMAX
 #5       0     0      0      0      0    0      0       0    0    0     0      0      0   0.000   0.000   0.000  0.000  0.000  0.000  0.000   0.000  0.000   0.000  -0.250  19.8
 STEP I       0      0      0      0     14    232    723   1746   3696   3852   2372   1443    910    499    306    126     56     22      3
 STEP R       0      0      0      0     15    239    757   1893   5681   5980   1231    179     24      1
 Max Speedup Irr:     4 0.00D+00    8 0.00D+00   16 0.00D+00   32 0.00D+00   64 0.00D+00  128 0.00D+00  256 0.00D+00  512 0.00D+00 1024 0.00D+00
 Max Speedup Reg:     4 0.00D+00    8 0.00D+00   16 0.00D+00   32 0.00D+00   64 0.00D+00  128 0.00D+00  256 0.00D+00  512 0.00D+00 1024 0.00D+00

 NEW KSREG   TIME[NB] 6.3495635986E-02 NAME(I1)      3795 NAME(I2)      6476 M(I1)[M*]    0.490 M(I2)[M*]    0.300 DTAU   0.060 R12[NB]  2.6E-04 RI[NB]   0.35 H     1.39 IPAIR        1 NAME(ICM)     19795 GAMMA   0.000 STEP(ICM)   3.8E-06 NPERT    8 NB(ICM)   64

 END KSREG   TIME[NB] 6.4208984375E-02 NAME(I1)      3795 NAME(I2)      6476 M(I1)[M*]    0.490 M(I2)[M*]    0.300 DTAU   0.058 R12[NB]  1.0E-03 RI[NB]   0.35 H     1.39 IPAIR        1 NAME(ICM)     19795 GAMMA   0.000 STEP(I1)    6.4E-05 NPERT    8 NB(ICM)   59

 NEW KSREG   TIME[NB] 1.4870071411E-01 NAME(I1)      2735 NAME(I2)     15474 M(I1)[M*]    0.626 M(I2)[M*]    0.085 DTAU   0.068 R12[NB]  1.9E-04 RI[NB]   0.25 H     1.10 IPAIR        1 NAME(ICM)     18735 GAMMA   0.000 STEP(ICM)   3.8E-06 NPERT    7 NB(ICM)  100

 END KSREG   TIME[NB] 1.4944458008E-01 NAME(I1)      2735 NAME(I2)     15474 M(I1)[M*]    0.626 M(I2)[M*]    0.085 DTAU   0.064 R12[NB]  1.0E-03 RI[NB]   0.25 H     1.10 IPAIR        1 NAME(ICM)     18735 GAMMA   0.000 STEP(I1)    7.0E-05 NPERT    7 NB(ICM)   93

 NEW KSREG   TIME[NB] 2.9859542847E-01 NAME(I1)      1100 NAME(I2)     15708 M(I1)[M*]    1.242 M(I2)[M*]    0.083 DTAU   0.059 R12[NB]  2.4E-04 RI[NB]   0.11 H     1.43 IPAIR        1 NAME(ICM)     17100 GAMMA   0.000 STEP(ICM)   3.8E-06 NPERT   15 NB(ICM)  101

 END KSREG   TIME[NB] 2.9925537109E-01 NAME(I1)      1100 NAME(I2)     15708 M(I1)[M*]    1.242 M(I2)[M*]    0.083 DTAU   0.051 R12[NB]  1.0E-03 RI[NB]   0.11 H     1.43 IPAIR        1 NAME(ICM)     17100 GAMMA   0.001 STEP(I1)    5.6E-05 NPERT   15 NB(ICM)   97

 NEW KSREG   TIME[NB] 3.0204391479E-01 NAME(I1)       396 NAME(I2)     11856 M(I1)[M*]    2.665 M(I2)[M*]    0.134 DTAU   0.064 R12[NB]  3.1E-04 RI[NB]   0.12 H     1.22 IPAIR        1 NAME(ICM)     16396 GAMMA   0.000 STEP(ICM)   3.8E-06 NPERT    4 NB(ICM)  109

 END KSREG   TIME[NB] 3.0267333984E-01 NAME(I1)       396 NAME(I2)     11856 M(I1)[M*]    2.665 M(I2)[M*]    0.134 DTAU   0.063 R12[NB]  1.0E-03 RI[NB]   0.12 H     1.22 IPAIR        1 NAME(ICM)     16396 GAMMA   0.000 STEP(I1)    6.8E-05 NPERT    4 NB(ICM)  106

 NEW KSREG   TIME[NB] 3.1689834595E-01 NAME(I1)      3505 NAME(I2)      4582 M(I1)[M*]    0.520 M(I2)[M*]    0.424 DTAU   0.065 R12[NB]  2.0E-04 RI[NB]   0.25 H     1.17 IPAIR        1 NAME(ICM)     19505 GAMMA   0.000 STEP(ICM)   3.8E-06 NPERT    7 NB(ICM)  106

 END KSREG   TIME[NB] 3.1762695312E-01 NAME(I1)      3505 NAME(I2)      4582 M(I1)[M*]    0.520 M(I2)[M*]    0.424 DTAU   0.064 R12[NB]  1.1E-03 RI[NB]   0.25 H     1.17 IPAIR        1 NAME(ICM)     19505 GAMMA   0.000 STEP(I1)    7.2E-05 NPERT    7 NB(ICM)  102

 NEW KSREG   TIME[NB] 5.2025985718E-01 NAME(I1)      6844 NAME(I2)     15143 M(I1)[M*]    0.282 M(I2)[M*]    0.088 DTAU   0.069 R12[NB]  1.8E-04 RI[NB]   0.50 H     1.04 IPAIR        1 NAME(ICM)     22844 GAMMA   0.000 STEP(ICM)   3.8E-06 NPERT    9 NB(ICM)  142

 NEW KSREG   TIME[NB] 5.2032852173E-01 NAME(I1)      1230 NAME(I2)      4922 M(I1)[M*]    1.125 M(I2)[M*]    0.398 DTAU   0.061 R12[NB]  2.2E-04 RI[NB]   0.51 H     1.34 IPAIR        2 NAME(ICM)     17230 GAMMA   0.000 STEP(ICM)   3.8E-06 NPERT    1 NB(ICM)   73

 END KSREG   TIME[NB] 5.2093505859E-01 NAME(I1)      1230 NAME(I2)      4922 M(I1)[M*]    1.125 M(I2)[M*]    0.398 DTAU   0.061 R12[NB]  1.0E-03 RI[NB]   0.51 H     1.34 IPAIR        2 NAME(ICM)     17230 GAMMA   0.000 STEP(I1)    6.5E-05 NPERT    1 NB(ICM)   64

 END KSREG   TIME[NB] 5.2102661133E-01 NAME(I1)      6844 NAME(I2)     15143 M(I1)[M*]    0.282 M(I2)[M*]    0.088 DTAU   0.067 R12[NB]  1.1E-03 RI[NB]   0.50 H     1.04 IPAIR        1 NAME(ICM)     22844 GAMMA   0.000 STEP(I1)    7.6E-05 NPERT    9 NB(ICM)  115

 NEW KSREG   TIME[NB] 8.8867568970E-01 NAME(I1)      3313 NAME(I2)      6733 M(I1)[M*]    0.542 M(I2)[M*]    0.288 DTAU   0.062 R12[NB]  2.0E-04 RI[NB]   0.48 H     1.31 IPAIR        1 NAME(ICM)     19313 GAMMA   0.000 STEP(ICM)   3.8E-06 NPERT    3 NB(ICM)   90

 END KSREG   TIME[NB] 8.8940429688E-01 NAME(I1)      3313 NAME(I2)      6733 M(I1)[M*]    0.542 M(I2)[M*]    0.288 DTAU   0.060 R12[NB]  1.1E-03 RI[NB]   0.48 H     1.31 IPAIR        1 NAME(ICM)     19313 GAMMA   0.000 STEP(I1)    6.7E-05 NPERT    3 NB(ICM)   74

 NEW KSREG   TIME[NB] 9.5764541626E-01 NAME(I1)     13362 NAME(I2)     15018 M(I1)[M*]    0.110 M(I2)[M*]    0.090 DTAU   0.045 R12[NB]  2.4E-04 RI[NB]   0.33 H     2.47 IPAIR        1 NAME(ICM)     29362 GAMMA   0.000 STEP(ICM)   3.8E-06 NPERT   20 NB(ICM)  131

 END KSREG   TIME[NB] 9.5819091797E-01 NAME(I1)     13362 NAME(I2)     15018 M(I1)[M*]    0.110 M(I2)[M*]    0.090 DTAU   0.040 R12[NB]  1.0E-03 RI[NB]   0.33 H     2.47 IPAIR        1 NAME(ICM)     29362 GAMMA   0.000 STEP(I1)    4.3E-05 NPERT   20 NB(ICM)  112

           TIME   M/MT:  1.00D-03  3.00D-03  5.00D-03  1.00D-02  3.00D-02  5.00D-02  1.00D-01  2.00D-01  3.00D-01  4.00D-01  5.00D-01  6.00D-01  7.00D-01  8.00D-01  9.00D-01  9.50D-01  9.90D-01  1.00D+00       <RC
     0.1000D+01 RLAGR:   7.28D-02  8.92D-02  1.12D-01  1.28D-01  1.87D-01  2.24D-01  3.02D-01  4.19D-01  5.28D-01  6.55D-01  7.86D-01  9.43D-01  1.16D+00  1.47D+00  2.20D+00  2.89D+00  4.83D+00  6.36D+00  3.14D-01
     0.1000D+01 AVMASS:  4.26D-05  5.89D-05  5.62D-05  6.99D-05  6.98D-05  7.13D-05  6.76D-05  6.65D-05  6.50D-05  6.30D-05  6.27D-05  6.28D-05  6.25D-05  6.26D-05  6.21D-05  6.25D-05  6.24D-05  6.25D-05  6.68D-05
     0.1000D+01 NPARTC:        26        54        89       144       431       702      1481      3007      4614      6351      7974      9554     11198     12777     14499     15192     15854     16000      1630

 ADJUST:  TIME    1.00000D+00  T[Myr]    0.17  Q 0.50  DE   1.219E-07 DELTA   3.050E-08 DETOT   3.050E-08 E  -2.500E-01 EKIN   2.501E-01 POT   5.001E-01 ETIDE   3.694E-05 ETOT  -2.500E-01 EBIN   0.000E+00 EMERGE   0.000E+00 ESUB   0.000E+00 ECOLL   0.000E+00 EMDOT   0.000E+00 ECDOT   0.000E+00

  RMIN = 5.0E-04  DTMIN = 4.0E-06 RHOM = 4.6E+01 RSCALE = 7.9E-01 RSMIN = 8.1E-02  ECLOSE = 1.00  TC =    0
  PE       N        Total     Inti.    Intgrt      Reg.      Irr.     Pred.   Init.B.      Mdot      Move   Comm.I.   Comm.R.   Send.I.   Send.R.        KS    Adjust     OUT      Barr.   Barr.I.   Barr.R. Reg.GPU.S Reg.GPU.P Comm.Adj. Mdot.Fic.  Mdot.Fc. Mdot.Pot.  Mdot.EC.   Sort.B.    HighV  KS.Init.B  KS.Int.S  KS.Int.P  KS.Comm.  KS.Barr.   KS.Move   KS.Cmb. KS.Insert  KS.Init.  KS.Term.     Hiar.     KS.UP   KS.TP      xtsub1       xtsub2
   2   16000      4.67085      0.94      3.65      0.95      1.46      0.03      0.15      0.00      0.42      0.14      0.27      0.14      0.09      0.07      0.20      0.00      0.06      0.05      0.00      0.06      0.88      0.00      0.00      0.00      0.00      0.00      0.04      0.00      0.00      0.00      0.00      0.00      0.00      0.00      0.00      0.00      0.04      0.03      0.00      0.00      0.00  8.96056D+08  1.35262D+09


 TIME[NB]    1.000000E+00  N    16000  <NB>    60  NPAIRS       0  NMERGE     0 MULT    0 NS    16000  NSTEP(I,B,R,U)       5940156           97       679452          293  DE    0.121935E-06  E         -0.249963

 NRUN =  1  M# =  2  CPU = 7.78716E-02  TRC = 31.9  DMIN = 4.6E-05 4.6E-05 1.0E+02 1.0E+02  AMIN = 1.0E+02  RMAX = 0.0E+00  RSMIN = 0.08  NEFF =  3042

    <R>  RTIDE  RDENS   RC      NC   MC   RHOD   RHOM  CMAX   <Cn>  Ir/R      UN      NP    RCM    VCM         AZ     EB/E   EM/E   TCR     T6  NESC  VRMS
 #1 0.79  28.2   0.05  0.31   1630  0.109    6.    46.    5.  74.9  0.05       0       0    0.000  0.0000   0.012565 -0.000 -0.000  2.83     0     0   4.7

          NIRRF      NBCORR  NNPRED  NBFULL  NBVOID   NICONV  NLSMIN NBSMIN   NBDIS  NBDIS2  NCMDER  NFAST NBFAST      NBLOCK      NBLCKR    NBFLUX
 #2   208053215      330304     423       0    2883      35       0       0       0       0       0      0      0       21375         423   7998479

        NKSTRY     NKSREG     NKSHYP     NKSPER  NKSMOD   NTTRY   NTRIP    NQUAD  NCHAIN     NMERG   NEWHI  NSTEPT  NSTEPQ  NSTEPC
 #3         11          9          9          0       0       0       0        0        0        0       0       0       0       0

        NMDOT NRG  NHE  NRS  NNH  NWD  NSN  NBH  NBS  ZMRG  ZMHE  ZMRS  ZMNH  ZMWD  ZMSN   ZMDOT  NTYPE
 #4        0    0    0    0    0    0    0    0    0   0.0   0.0   0.0   0.0   0.0   0.0     0.0  13474  2526

      NDISS NTIDE  NSYNC  NCOLL  NCOAL  NDD  NCIRC  NROCHE  NRO  NCE  NHYP  NHYPC  NKICK  EBIN   EMERGE  ECOLL  EMDOT  ECDOT  EKICK  ESESC   EBESC  EMESC  DEGRAV   EBIND  MMAX
 #5       0     0      0      0      0    0      0       0    0    0     0      0      0   0.000   0.000   0.000  0.000  0.000  0.000  0.000   0.000  0.000   0.000  -0.250  19.8
 STEP I       0      5     44    103    185    313    488   4017   5811   3771    867    292     88     15      1
 STEP R       9    229    593   1321   3628   5708   3689    795     28
 Max Speedup Irr:     4 3.98D+00    8 7.87D+00   16 1.54D+01   32 2.96D+01   64 5.40D+01  128 9.28D+01  256 1.40D+02  512 1.91D+02 1024 2.27D+02
 Max Speedup Reg:     4 4.00D+00    8 7.98D+00   16 1.59D+01   32 3.16D+01   64 6.24D+01  128 1.21D+02  256 2.26D+02  512 4.08D+02 1024 6.81D+02

 NEW KSREG   TIME[NB] 1.0255622864E+00 NAME(I1)       257 NAME(I2)      9629 M(I1)[M*]    3.414 M(I2)[M*]    0.183 DTAU   0.066 R12[NB]  2.0E-04 RI[NB]   0.39 H     0.02 IPAIR        1 NAME(ICM)     16257 GAMMA   0.000 STEP(ICM)   3.8E-06 NPERT    2 NB(ICM)  111

 END KSREG   TIME[NB] 1.0264892578E+00 NAME(I1)       257 NAME(I2)      9629 M(I1)[M*]    3.414 M(I2)[M*]    0.183 DTAU   0.029 R12[NB]  1.0E-03 RI[NB]   0.38 H     0.02 IPAIR        1 NAME(ICM)     16257 GAMMA   0.000 STEP(I1)    2.9E-05 NPERT    2 NB(ICM)  103

 NEW KSREG   TIME[NB] 1.7801399231E+00 NAME(I1)      5222 NAME(I2)     12521 M(I1)[M*]    0.377 M(I2)[M*]    0.123 DTAU   0.092 R12[NB]  1.9E-04 RI[NB]   0.45 H     0.59 IPAIR        1 NAME(ICM)     21222 GAMMA   0.000 STEP(ICM)   3.8E-06 NPERT    9 NB(ICM)  104

 END KSREG   TIME[NB] 1.7811279297E+00 NAME(I1)      5222 NAME(I2)     12521 M(I1)[M*]    0.377 M(I2)[M*]    0.123 DTAU   0.038 R12[NB]  1.0E-03 RI[NB]   0.45 H     0.59 IPAIR        1 NAME(ICM)     21222 GAMMA   0.000 STEP(I1)    4.0E-05 NPERT    9 NB(ICM)   97

 NEW KSREG   TIME[NB] 1.9176826477E+00 NAME(I1)      1521 NAME(I2)     10342 M(I1)[M*]    0.969 M(I2)[M*]    0.165 DTAU   0.072 R12[NB]  2.3E-04 RI[NB]   0.40 H     0.96 IPAIR        1 NAME(ICM)     17521 GAMMA   0.000 STEP(ICM)   3.8E-06 NPERT    4 NB(ICM)  131

 END KSREG   TIME[NB] 1.9184570312E+00 NAME(I1)      1521 NAME(I2)     10342 M(I1)[M*]    0.969 M(I2)[M*]    0.165 DTAU   0.034 R12[NB]  1.0E-03 RI[NB]   0.40 H     0.96 IPAIR        1 NAME(ICM)     17521 GAMMA   0.000 STEP(I1)    3.6E-05 NPERT    4 NB(ICM)  121

           TIME   M/MT:  1.00D-03  3.00D-03  5.00D-03  1.00D-02  3.00D-02  5.00D-02  1.00D-01  2.00D-01  3.00D-01  4.00D-01  5.00D-01  6.00D-01  7.00D-01  8.00D-01  9.00D-01  9.50D-01  9.90D-01  1.00D+00       <RC
     0.2000D+01 RLAGR:   6.22D-02  7.87D-02  1.02D-01  1.32D-01  1.90D-01  2.30D-01  3.08D-01  4.29D-01  5.50D-01  6.57D-01  7.79D-01  9.21D-01  1.13D+00  1.49D+00  2.21D+00  2.91D+00  4.91D+00  6.58D+00  3.06D-01
     0.2000D+01 AVMASS:  9.25D-05  8.21D-05  7.00D-05  6.71D-05  6.99D-05  6.99D-05  6.82D-05  6.69D-05  6.33D-05  6.33D-05  6.35D-05  6.41D-05  6.34D-05  6.22D-05  6.20D-05  6.24D-05  6.24D-05  6.25D-05  6.87D-05
     0.2000D+01 NPARTC:        17        37        72       153       433       716      1466      2992      4739      6320      7878      9367     11049     12867     14522     15227     15862     16000      1433

 ADJUST:  TIME    2.00000D+00  T[Myr]    0.34  Q 0.50  DE   9.207E-08 DELTA   2.301E-08 DETOT   5.352E-08 E  -2.500E-01 EKIN   2.488E-01 POT   4.988E-01 ETIDE   3.734E-05 ETOT  -2.500E-01 EBIN   0.000E+00 EMERGE   0.000E+00 ESUB   0.000E+00 ECOLL   0.000E+00 EMDOT   0.000E+00 ECDOT   0.000E+00

  RMIN = 5.0E-04  DTMIN = 4.0E-06 RHOM = 5.3E+01 RSCALE = 7.8E-01 RSMIN = 8.4E-02  ECLOSE = 1.00  TC =    0
  PE       N        Total     Inti.    Intgrt      Reg.      Irr.     Pred.   Init.B.      Mdot      Move   Comm.I.   Comm.R.   Send.I.   Send.R.        KS    Adjust     OUT      Barr.   Barr.I.   Barr.R. Reg.GPU.S Reg.GPU.P Comm.Adj. Mdot.Fic.  Mdot.Fc. Mdot.Pot.  Mdot.EC.   Sort.B.    HighV  KS.Init.B  KS.Int.S  KS.Int.P  KS.Comm.  KS.Barr.   KS.Move   KS.Cmb. KS.Insert  KS.Init.  KS.Term.     Hiar.     KS.UP   KS.TP      xtsub1       xtsub2
   2   16000      8.30642      0.94      7.08      1.83      2.94      0.05      0.28      0.00      0.82      0.26      0.43      0.26      0.17      0.10      0.39      0.00      0.07      0.06      0.01      0.11      1.72      0.00      0.00      0.00      0.00      0.00      0.08      0.00      0.00      0.00      0.00      0.00      0.00      0.00      0.00      0.00      0.06      0.03      0.00      0.00      0.00  1.78074D+09  2.49664D+09


 TIME[NB]    2.000000E+00  N    16000  <NB>    61  NPAIRS       0  NMERGE     0 MULT    0 NS    16000  NSTEP(I,B,R,U)       5886604          132       597716          145  DE    0.920722E-07  E         -0.249963

 NRUN =  1  M# =  3  CPU = 1.38464E-01  TRC = 24.8  DMIN = 4.6E-05 4.6E-05 1.0E+02 1.0E+02  AMIN = 1.0E+02  RMAX = 0.0E+00  RSMIN = 0.08  NEFF =  3042

    <R>  RTIDE  RDENS   RC      NC   MC   RHOD   RHOM  CMAX   <Cn>  Ir/R      UN      NP    RCM    VCM         AZ     EB/E   EM/E   TCR     T6  NESC  VRMS
 #1 0.78  28.2   0.04  0.31   1433  0.098    5.    53.    5.  74.9  0.05       0       0    0.000  0.0000   0.012566 -0.000 -0.000  2.83     0     0   4.7

          NIRRF      NBCORR  NNPRED  NBFULL  NBVOID   NICONV  NLSMIN NBSMIN   NBDIS  NBDIS2  NCMDER  NFAST NBFAST      NBLOCK      NBLCKR    NBFLUX
 #2   238800543      297905     350       0    1562      29       0       0       0       0       0      0      0       20505         350   8450367

        NKSTRY     NKSREG     NKSHYP     NKSPER  NKSMOD   NTTRY   NTRIP    NQUAD  NCHAIN     NMERG   NEWHI  NSTEPT  NSTEPQ  NSTEPC
 #3          3          3          3          0       0       0       0        0        0        0       0       0       0       0

        NMDOT NRG  NHE  NRS  NNH  NWD  NSN  NBH  NBS  ZMRG  ZMHE  ZMRS  ZMNH  ZMWD  ZMSN   ZMDOT  NTYPE
 #4        0    0    0    0    0    0    0    0    0   0.0   0.0   0.0   0.0   0.0   0.0     0.0  13474  2526

      NDISS NTIDE  NSYNC  NCOLL  NCOAL  NDD  NCIRC  NROCHE  NRO  NCE  NHYP  NHYPC  NKICK  EBIN   EMERGE  ECOLL  EMDOT  ECDOT  EKICK  ESESC   EBESC  EMESC  DEGRAV   EBIND  MMAX
 #5       0     0      0      0      0    0      0       0    0    0     0      0      0   0.000   0.000   0.000  0.000  0.000  0.000  0.000   0.000  0.000   0.000  -0.250  19.8
 STEP I       0      6     45    112    162    287    520   4169   5795   3735    813    259     77     18      2
 STEP R       9    249    602   1344   3520   5885   3632    724     35
 Max Speedup Irr:     4 3.98D+00    8 7.88D+00   16 1.54D+01   32 2.96D+01   64 5.42D+01  128 9.33D+01  256 1.42D+02  512 1.93D+02 1024 2.31D+02
 Max Speedup Reg:     4 4.00D+00    8 7.98D+00   16 1.59D+01   32 3.16D+01   64 6.24D+01  128 1.21D+02  256 2.28D+02  512 4.13D+02 1024 6.93D+02

 NEW KSREG   TIME[NB] 2.3036460876E+00 NAME(I1)       893 NAME(I2)     15237 M(I1)[M*]    1.468 M(I2)[M*]    0.087 DTAU   0.066 R12[NB]  2.8E-04 RI[NB]   0.49 H     1.15 IPAIR        1 NAME(ICM)     16893 GAMMA   0.000 STEP(ICM)   3.8E-06 NPERT    1 NB(ICM)  115

 END KSREG   TIME[NB] 2.3043212891E+00 NAME(I1)       893 NAME(I2)     15237 M(I1)[M*]    1.468 M(I2)[M*]    0.087 DTAU   0.066 R12[NB]  1.0E-03 RI[NB]   0.49 H     1.15 IPAIR        1 NAME(ICM)     16893 GAMMA   0.000 STEP(I1)    7.2E-05 NPERT    1 NB(ICM)  104

 NEW KSREG   TIME[NB] 2.4377250671E+00 NAME(I1)     14437 NAME(I2)     15599 M(I1)[M*]    0.096 M(I2)[M*]    0.084 DTAU   0.053 R12[NB]  2.1E-04 RI[NB]   0.20 H     1.75 IPAIR        1 NAME(ICM)     30437 GAMMA   0.000 STEP(ICM)   3.8E-06 NPERT   31 NB(ICM)  123

 END KSREG   TIME[NB] 2.4383544922E+00 NAME(I1)     14437 NAME(I2)     15599 M(I1)[M*]    0.096 M(I2)[M*]    0.084 DTAU   0.032 R12[NB]  1.1E-03 RI[NB]   0.20 H     1.75 IPAIR        1 NAME(ICM)     30437 GAMMA   0.004 STEP(I1)    3.7E-05 NPERT   31 NB(ICM)  107

 NEW KSREG   TIME[NB] 2.4487724304E+00 NAME(I1)       693 NAME(I2)     14470 M(I1)[M*]    1.773 M(I2)[M*]    0.096 DTAU   0.084 R12[NB]  2.1E-04 RI[NB]   0.45 H     0.71 IPAIR        1 NAME(ICM)     16693 GAMMA   0.000 STEP(ICM)   3.8E-06 NPERT    1 NB(ICM)   87

 END KSREG   TIME[NB] 2.4495849609E+00 NAME(I1)       693 NAME(I2)     14470 M(I1)[M*]    1.773 M(I2)[M*]    0.096 DTAU   0.037 R12[NB]  1.1E-03 RI[NB]   0.45 H     0.71 IPAIR        1 NAME(ICM)     16693 GAMMA   0.000 STEP(I1)    4.0E-05 NPERT    1 NB(ICM)   78

 NEW KSREG   TIME[NB] 2.5646095276E+00 NAME(I1)      2584 NAME(I2)     13504 M(I1)[M*]    0.651 M(I2)[M*]    0.108 DTAU   0.119 R12[NB]  1.8E-04 RI[NB]   0.55 H     0.35 IPAIR        1 NAME(ICM)     18584 GAMMA   0.000 STEP(ICM)   3.8E-06 NPERT    1 NB(ICM)  113

 END KSREG   TIME[NB] 2.5657348633E+00 NAME(I1)      2584 NAME(I2)     13504 M(I1)[M*]    0.651 M(I2)[M*]    0.108 DTAU   0.050 R12[NB]  1.0E-03 RI[NB]   0.55 H     0.35 IPAIR        1 NAME(ICM)     18584 GAMMA   0.000 STEP(I1)    5.3E-05 NPERT    1 NB(ICM)  101

 NEW KSREG   TIME[NB] 2.6063575745E+00 NAME(I1)        15 NAME(I2)      7533 M(I1)[M*]   13.945 M(I2)[M*]    0.252 DTAU   0.051 R12[NB]  4.6E-04 RI[NB]   0.35 H     0.77 IPAIR        1 NAME(ICM)     16015 GAMMA   0.000 STEP(ICM)   3.8E-06 NPERT    1 NB(ICM)   82

 END KSREG   TIME[NB] 2.6068725586E+00 NAME(I1)        15 NAME(I2)      7533 M(I1)[M*]   13.945 M(I2)[M*]    0.252 DTAU   0.033 R12[NB]  1.1E-03 RI[NB]   0.35 H     0.77 IPAIR        1 NAME(ICM)     16015 GAMMA   0.000 STEP(I1)    3.7E-05 NPERT    1 NB(ICM)   80

 NEW KSREG   TIME[NB] 2.6143074036E+00 NAME(I1)       114 NAME(I2)      9803 M(I1)[M*]    6.172 M(I2)[M*]    0.179 DTAU   0.065 R12[NB]  3.4E-04 RI[NB]   0.39 H     0.14 IPAIR        1 NAME(ICM)     16114 GAMMA   0.000 STEP(ICM)   3.8E-06 NPERT    3 NB(ICM)   95

 END KSREG   TIME[NB] 2.6149902344E+00 NAME(I1)       114 NAME(I2)      9803 M(I1)[M*]    6.172 M(I2)[M*]    0.179 DTAU   0.037 R12[NB]  1.0E-03 RI[NB]   0.39 H     0.14 IPAIR        1 NAME(ICM)     16114 GAMMA   0.000 STEP(I1)    3.9E-05 NPERT    3 NB(ICM)   91

 NEW KSREG   TIME[NB] 2.7151374817E+00 NAME(I1)        31 NAME(I2)     11700 M(I1)[M*]   11.238 M(I2)[M*]    0.137 DTAU   0.069 R12[NB]  4.5E-04 RI[NB]   0.60 H     1.04 IPAIR        1 NAME(ICM)     16031 GAMMA   0.000 STEP(ICM)   3.8E-06 NPERT    1 NB(ICM)  108

 END KSREG   TIME[NB] 2.7156982422E+00 NAME(I1)        31 NAME(I2)     11700 M(I1)[M*]   11.238 M(I2)[M*]    0.137 DTAU   0.069 R12[NB]  1.1E-03 RI[NB]   0.60 H     1.04 IPAIR        1 NAME(ICM)     16031 GAMMA   0.000 STEP(I1)    8.2E-05 NPERT    1 NB(ICM)  102

 NEW KSREG   TIME[NB] 2.9388999939E+00 NAME(I1)     10901 NAME(I2)     12790 M(I1)[M*]    0.152 M(I2)[M*]    0.119 DTAU   0.070 R12[NB]  1.7E-04 RI[NB]   0.43 H     1.01 IPAIR        1 NAME(ICM)     26901 GAMMA   0.000 STEP(ICM)   3.8E-06 NPERT    6 NB(ICM)   84

 END KSREG   TIME[NB] 2.9396972656E+00 NAME(I1)     10901 NAME(I2)     12790 M(I1)[M*]    0.152 M(I2)[M*]    0.119 DTAU   0.069 R12[NB]  1.0E-03 RI[NB]   0.43 H     1.01 IPAIR        1 NAME(ICM)     26901 GAMMA   0.000 STEP(I1)    7.3E-05 NPERT    6 NB(ICM)   81

           TIME   M/MT:  1.00D-03  3.00D-03  5.00D-03  1.00D-02  3.00D-02  5.00D-02  1.00D-01  2.00D-01  3.00D-01  4.00D-01  5.00D-01  6.00D-01  7.00D-01  8.00D-01  9.00D-01  9.50D-01  9.90D-01  1.00D+00       <RC
     0.3000D+01 RLAGR:   6.07D-02  9.02D-02  9.14D-02  1.13D-01  1.82D-01  2.15D-01  2.94D-01  4.16D-01  5.28D-01  6.45D-01  7.74D-01  9.27D-01  1.14D+00  1.46D+00  2.22D+00  2.97D+00  4.77D+00  6.80D+00  3.09D-01
     0.3000D+01 AVMASS:  6.60D-05  7.98D-05  1.13D-04  8.58D-05  7.77D-05  8.07D-05  7.38D-05  6.66D-05  6.50D-05  6.48D-05  6.45D-05  6.38D-05  6.32D-05  6.28D-05  6.19D-05  6.23D-05  6.25D-05  6.25D-05  7.26D-05
     0.3000D+01 NPARTC:        16        58        62       117       387       620      1357      3001      4613      6179      7753      9407     11082     12732     14530     15256     15841     16000      1515

 ADJUST:  TIME    3.00000D+00  T[Myr]    0.50  Q 0.50  DE  -8.895E-08 DELTA  -2.263E-08 DETOT   3.088E-08 E  -2.500E-01 EKIN   2.544E-01 POT   5.044E-01 ETIDE   3.848E-05 ETOT  -2.500E-01 EBIN   0.000E+00 EMERGE   0.000E+00 ESUB   0.000E+00 ECOLL   0.000E+00 EMDOT   0.000E+00 ECDOT   0.000E+00

  RMIN = 5.0E-04  DTMIN = 4.0E-06 RHOM = 4.3E+01 RSCALE = 7.7E-01 RSMIN = 8.4E-02  ECLOSE = 1.00  TC =    1
  PE       N        Total     Inti.    Intgrt      Reg.      Irr.     Pred.   Init.B.      Mdot      Move   Comm.I.   Comm.R.   Send.I.   Send.R.        KS    Adjust     OUT      Barr.   Barr.I.   Barr.R. Reg.GPU.S Reg.GPU.P Comm.Adj. Mdot.Fic.  Mdot.Fc. Mdot.Pot.  Mdot.EC.   Sort.B.    HighV  KS.Init.B  KS.Int.S  KS.Int.P  KS.Comm.  KS.Barr.   KS.Move   KS.Cmb. KS.Insert  KS.Init.  KS.Term.     Hiar.     KS.UP   KS.TP      xtsub1       xtsub2
   2   16000     12.00318      0.94     10.52      2.72      4.40      0.07      0.41      0.00      1.21      0.38      0.59      0.39      0.26      0.17      0.57      0.00      0.10      0.09      0.01      0.16      2.55      0.00      0.00      0.00      0.00      0.00      0.11      0.00      0.00      0.00      0.00      0.00      0.00      0.00      0.00      0.00      0.10      0.06      0.00      0.00      0.00  2.66214D+09  3.62946D+09


 TIME[NB]    3.000000E+00  N    16000  <NB>    60  NPAIRS       0  NMERGE     0 MULT    0 NS    16000  NSTEP(I,B,R,U)       5853904          212       591785          293  DE   -0.889497E-07  E         -0.249963

 NRUN =  1  M# =  4  CPU = 2.00077E-01  TRC = 26.4  DMIN = 4.8E-06 4.8E-06 1.0E+02 1.0E+02  AMIN = 1.0E+02  RMAX = 0.0E+00  RSMIN = 0.08  NEFF =  3042

    <R>  RTIDE  RDENS   RC      NC   MC   RHOD   RHOM  CMAX   <Cn>  Ir/R      UN      NP    RCM    VCM         AZ     EB/E   EM/E   TCR     T6  NESC  VRMS
 #1 0.77  28.2   0.04  0.31   1515  0.110    5.    43.    5.  75.0  0.05       0       0    0.000  0.0000   0.012566 -0.000 -0.000  2.83     0     0   4.7

          NIRRF      NBCORR  NNPRED  NBFULL  NBVOID   NICONV  NLSMIN NBSMIN   NBDIS  NBDIS2  NCMDER  NFAST NBFAST      NBLOCK      NBLCKR    NBFLUX
 #2   235820795      294821     388       0    1204      41       0       0       0       0       0      0      0       19773         388   8384113

        NKSTRY     NKSREG     NKSHYP     NKSPER  NKSMOD   NTTRY   NTRIP    NQUAD  NCHAIN     NMERG   NEWHI  NSTEPT  NSTEPQ  NSTEPC
 #3          8          8          8          0       0       0       0        0        0        0       0       0       0       0

        NMDOT NRG  NHE  NRS  NNH  NWD  NSN  NBH  NBS  ZMRG  ZMHE  ZMRS  ZMNH  ZMWD  ZMSN   ZMDOT  NTYPE
 #4        0    0    0    0    0    0    0    0    0   0.0   0.0   0.0   0.0   0.0   0.0     0.0  13474  2526

      NDISS NTIDE  NSYNC  NCOLL  NCOAL  NDD  NCIRC  NROCHE  NRO  NCE  NHYP  NHYPC  NKICK  EBIN   EMERGE  ECOLL  EMDOT  ECDOT  EKICK  ESESC   EBESC  EMESC  DEGRAV   EBIND  MMAX
 #5       0     0      0      0      0    0      0       0    0    0     0      0      0   0.000   0.000   0.000  0.000  0.000  0.000  0.000   0.000  0.000   0.000  -0.250  19.8
 STEP I       0      6     49     95    164    282    578   4074   5721   3834    843    261     68     19      6
 STEP R      10    251    602   1357   3519   5761   3621    829     50
 Max Speedup Irr:     4 3.98D+00    8 7.88D+00   16 1.54D+01   32 2.97D+01   64 5.43D+01  128 9.38D+01  256 1.43D+02  512 1.95D+02 1024 2.34D+02
 Max Speedup Reg:     4 4.00D+00    8 7.98D+00   16 1.59D+01   32 3.16D+01   64 6.24D+01  128 1.21D+02  256 2.27D+02  512 4.09D+02 1024 6.83D+02

 NEW KSREG   TIME[NB] 3.0813713074E+00 NAME(I1)        61 NAME(I2)      5673 M(I1)[M*]    8.624 M(I2)[M*]    0.349 DTAU   0.067 R12[NB]  3.0E-04 RI[NB]   0.36 H     1.12 IPAIR        1 NAME(ICM)     16061 GAMMA   0.000 STEP(ICM)   3.8E-06 NPERT    1 NB(ICM)  101

 END KSREG   TIME[NB] 3.0819091797E+00 NAME(I1)        61 NAME(I2)      5673 M(I1)[M*]    8.624 M(I2)[M*]    0.349 DTAU   0.067 R12[NB]  1.0E-03 RI[NB]   0.36 H     1.12 IPAIR        1 NAME(ICM)     16061 GAMMA   0.000 STEP(I1)    7.4E-05 NPERT    1 NB(ICM)   92

 NEW KSREG   TIME[NB] 3.4213294983E+00 NAME(I1)       889 NAME(I2)     14069 M(I1)[M*]    1.473 M(I2)[M*]    0.101 DTAU   0.078 R12[NB]  2.6E-04 RI[NB]   0.20 H     0.82 IPAIR        1 NAME(ICM)     16889 GAMMA   0.000 STEP(ICM)   3.8E-06 NPERT    4 NB(ICM)  112

 END KSREG   TIME[NB] 3.4220581055E+00 NAME(I1)       889 NAME(I2)     14069 M(I1)[M*]    1.473 M(I2)[M*]    0.101 DTAU   0.039 R12[NB]  1.0E-03 RI[NB]   0.20 H     0.82 IPAIR        1 NAME(ICM)     16889 GAMMA   0.000 STEP(I1)    4.0E-05 NPERT    4 NB(ICM)  109

 NEW KSREG   TIME[NB] 3.4992485046E+00 NAME(I1)     10217 NAME(I2)     10578 M(I1)[M*]    0.168 M(I2)[M*]    0.159 DTAU   0.081 R12[NB]  1.5E-04 RI[NB]   0.56 H     0.77 IPAIR        1 NAME(ICM)     26217 GAMMA   0.000 STEP(ICM)   3.8E-06 NPERT    7 NB(ICM)  105

 END KSREG   TIME[NB] 3.5001220703E+00 NAME(I1)     10217 NAME(I2)     10578 M(I1)[M*]    0.168 M(I2)[M*]    0.159 DTAU   0.030 R12[NB]  1.1E-03 RI[NB]   0.56 H     0.77 IPAIR        1 NAME(ICM)     26217 GAMMA   0.000 STEP(I1)    3.3E-05 NPERT    7 NB(ICM)   94

 NEW KSREG   TIME[NB] 3.7019233704E+00 NAME(I1)        23 NAME(I2)      5151 M(I1)[M*]   11.996 M(I2)[M*]    0.381 DTAU   0.065 R12[NB]  4.4E-04 RI[NB]   0.80 H     1.18 IPAIR        1 NAME(ICM)     16023 GAMMA   0.000 STEP(ICM)   3.8E-06 NPERT    1 NB(ICM)   50

 END KSREG   TIME[NB] 3.7024536133E+00 NAME(I1)        23 NAME(I2)      5151 M(I1)[M*]   11.996 M(I2)[M*]    0.381 DTAU   0.065 R12[NB]  1.0E-03 RI[NB]   0.80 H     1.18 IPAIR        1 NAME(ICM)     16023 GAMMA   0.000 STEP(I1)    7.3E-05 NPERT    1 NB(ICM)   48

 NEW KSREG   TIME[NB] 3.7638053894E+00 NAME(I1)        43 NAME(I2)      1976 M(I1)[M*]    9.759 M(I2)[M*]    0.794 DTAU   0.055 R12[NB]  4.1E-04 RI[NB]   0.54 H     0.18 IPAIR        1 NAME(ICM)     16043 GAMMA   0.000 STEP(ICM)   3.8E-06 NPERT    1 NB(ICM)  102

 END KSREG   TIME[NB] 3.7644042969E+00 NAME(I1)        43 NAME(I2)      1976 M(I1)[M*]    9.759 M(I2)[M*]    0.794 DTAU   0.033 R12[NB]  1.1E-03 RI[NB]   0.54 H     0.18 IPAIR        1 NAME(ICM)     16043 GAMMA   0.000 STEP(I1)    3.7E-05 NPERT    1 NB(ICM)  100

           TIME   M/MT:  1.00D-03  3.00D-03  5.00D-03  1.00D-02  3.00D-02  5.00D-02  1.00D-01  2.00D-01  3.00D-01  4.00D-01  5.00D-01  6.00D-01  7.00D-01  8.00D-01  9.00D-01  9.50D-01  9.90D-01  1.00D+00       <RC
     0.4000D+01 RLAGR:   5.50D-02  8.60D-02  1.08D-01  1.38D-01  1.90D-01  2.29D-01  2.98D-01  4.21D-01  5.26D-01  6.38D-01  7.69D-01  9.23D-01  1.15D+00  1.49D+00  2.24D+00  2.97D+00  4.76D+00  6.97D+00  3.12D-01
     0.4000D+01 AVMASS:  7.75D-05  5.18D-05  4.95D-05  6.18D-05  7.14D-05  7.15D-05  7.17D-05  6.80D-05  6.64D-05  6.53D-05  6.42D-05  6.37D-05  6.32D-05  6.26D-05  6.18D-05  6.23D-05  6.25D-05  6.25D-05  7.20D-05
     0.4000D+01 NPARTC:        15        59       101       163       420       703      1396      2941      4518      6137      7785      9422     11089     12780     14573     15244     15845     16000      1550

 ADJUST:  TIME    4.00000D+00  T[Myr]    0.67  Q 0.50  DE   1.061E-07 DELTA   2.688E-08 DETOT   5.777E-08 E  -2.500E-01 EKIN   2.534E-01 POT   5.034E-01 ETIDE   4.059E-05 ETOT  -2.500E-01 EBIN   0.000E+00 EMERGE   0.000E+00 ESUB   0.000E+00 ECOLL   0.000E+00 EMDOT  -1.702E-06 ECDOT   0.000E+00

  RMIN = 5.0E-04  DTMIN = 4.0E-06 RHOM = 4.6E+01 RSCALE = 7.7E-01 RSMIN = 8.3E-02  ECLOSE = 1.00  TC =    1
  PE       N        Total     Inti.    Intgrt      Reg.      Irr.     Pred.   Init.B.      Mdot      Move   Comm.I.   Comm.R.   Send.I.   Send.R.        KS    Adjust     OUT      Barr.   Barr.I.   Barr.R. Reg.GPU.S Reg.GPU.P Comm.Adj. Mdot.Fic.  Mdot.Fc. Mdot.Pot.  Mdot.EC.   Sort.B.    HighV  KS.Init.B  KS.Int.S  KS.Int.P  KS.Comm.  KS.Barr.   KS.Move   KS.Cmb. KS.Insert  KS.Init.  KS.Term.     Hiar.     KS.UP   KS.TP      xtsub1       xtsub2
   2   16000     16.20931      0.94     14.48      3.76      5.99      0.10      0.59      0.00      1.61      0.56      0.84      0.52      0.37      0.21      0.76      0.00      0.14      0.12      0.01      0.22      3.53      0.00      0.00      0.00      0.00      0.00      0.16      0.00      0.00      0.00      0.00      0.00      0.00      0.00      0.00      0.00      0.12      0.08      0.00      0.00      0.00  3.55298D+09  4.78408D+09


 TIME[NB]    4.000000E+00  N    16000  <NB>    60  NPAIRS       0  NMERGE     0 MULT    0 NS    16000  NSTEP(I,B,R,U)       5904292          268       603714          167  DE    0.106104E-06  E         -0.249963

 NRUN =  1  M# =  5  CPU = 2.70200E-01  TRC = 27.5  DMIN = 4.8E-06 1.6E-05 1.0E+02 1.0E+02  AMIN = 1.0E+02  RMAX = 0.0E+00  RSMIN = 0.08  NEFF =  3042

    <R>  RTIDE  RDENS   RC      NC   MC   RHOD   RHOM  CMAX   <Cn>  Ir/R      UN      NP    RCM    VCM         AZ     EB/E   EM/E   TCR     T6  NESC  VRMS
 #1 0.77  28.2   0.06  0.31   1550  0.112    5.    46.    5.  74.8  0.05       0       0    0.000  0.0000   0.012566 -0.000 -0.000  2.83     0     0   4.7

          NIRRF      NBCORR  NNPRED  NBFULL  NBVOID   NICONV  NLSMIN NBSMIN   NBDIS  NBDIS2  NCMDER  NFAST NBFAST      NBLOCK      NBLCKR    NBFLUX
 #2   237770532      301058     396       0    1017      36       0       8       0       0       0      0      0       20581         396   8562356

        NKSTRY     NKSREG     NKSHYP     NKSPER  NKSMOD   NTTRY   NTRIP    NQUAD  NCHAIN     NMERG   NEWHI  NSTEPT  NSTEPQ  NSTEPC
 #3          5          5          5          0       0       0       0        0        0        0       0       0       0       0

        NMDOT NRG  NHE  NRS  NNH  NWD  NSN  NBH  NBS  ZMRG  ZMHE  ZMRS  ZMNH  ZMWD  ZMSN   ZMDOT  NTYPE
 #4        7    0    0    0    0    0    0    0    0   0.0   0.0   0.0   0.0   0.0   0.0     0.0  13474  2526

      NDISS NTIDE  NSYNC  NCOLL  NCOAL  NDD  NCIRC  NROCHE  NRO  NCE  NHYP  NHYPC  NKICK  EBIN   EMERGE  ECOLL  EMDOT  ECDOT  EKICK  ESESC   EBESC  EMESC  DEGRAV   EBIND  MMAX
 #5       0     0      0      0      0    0      0       0    0    0     0      0      0   0.000   0.000   0.000 -0.000  0.000  0.000  0.000   0.000  0.000   0.000  -0.250  19.8
 STEP I       0      4     46     87    158    300    527   3983   5924   3764    868    248     74     11      6
 STEP R       7    260    614   1397   3420   5748   3689    832     33
 Max Speedup Irr:     4 3.98D+00    8 7.88D+00   16 1.54D+01   32 2.97D+01   64 5.43D+01  128 9.37D+01  256 1.43D+02  512 1.95D+02 1024 2.34D+02
 Max Speedup Reg:     4 4.00D+00    8 7.98D+00   16 1.59D+01   32 3.16D+01   64 6.24D+01  128 1.21D+02  256 2.27D+02  512 4.09D+02 1024 6.80D+02

 NEW KSREG   TIME[NB] 4.0581932068E+00 NAME(I1)      1975 NAME(I2)      6855 M(I1)[M*]    0.795 M(I2)[M*]    0.281 DTAU   0.054 R12[NB]  2.6E-04 RI[NB]   0.53 H     1.72 IPAIR        1 NAME(ICM)     17975 GAMMA   0.000 STEP(ICM)   3.8E-06 NPERT    4 NB(ICM)  113

 END KSREG   TIME[NB] 4.0588378906E+00 NAME(I1)      1975 NAME(I2)      6855 M(I1)[M*]    0.795 M(I2)[M*]    0.281 DTAU   0.053 R12[NB]  1.0E-03 RI[NB]   0.53 H     1.72 IPAIR        1 NAME(ICM)     17975 GAMMA   0.000 STEP(I1)    5.6E-05 NPERT    4 NB(ICM)  106

 NEW KSREG   TIME[NB] 4.1956825256E+00 NAME(I1)       225 NAME(I2)     15486 M(I1)[M*]    3.776 M(I2)[M*]    0.085 DTAU   0.077 R12[NB]  2.9E-04 RI[NB]   0.43 H     0.46 IPAIR        1 NAME(ICM)     16225 GAMMA   0.000 STEP(ICM)   3.8E-06 NPERT    1 NB(ICM)  100

 END KSREG   TIME[NB] 4.1965332031E+00 NAME(I1)       225 NAME(I2)     15486 M(I1)[M*]    3.776 M(I2)[M*]    0.085 DTAU   0.039 R12[NB]  1.2E-03 RI[NB]   0.43 H     0.46 IPAIR        1 NAME(ICM)     16225 GAMMA   0.000 STEP(I1)    4.6E-05 NPERT    1 NB(ICM)   84

 NEW KSREG   TIME[NB] 4.6895866394E+00 NAME(I1)      8739 NAME(I2)     15563 M(I1)[M*]    0.209 M(I2)[M*]    0.084 DTAU   0.061 R12[NB]  2.4E-04 RI[NB]   0.40 H     1.36 IPAIR        1 NAME(ICM)     24739 GAMMA   0.000 STEP(ICM)   3.8E-06 NPERT    7 NB(ICM)   85

 END KSREG   TIME[NB] 4.6903686523E+00 NAME(I1)      8739 NAME(I2)     15563 M(I1)[M*]    0.209 M(I2)[M*]    0.084 DTAU   0.059 R12[NB]  1.1E-03 RI[NB]   0.40 H     1.36 IPAIR        1 NAME(ICM)     24739 GAMMA   0.000 STEP(I1)    6.8E-05 NPERT    7 NB(ICM)   79

 NEW KSREG   TIME[NB] 4.8625755310E+00 NAME(I1)       251 NAME(I2)      6774 M(I1)[M*]    3.473 M(I2)[M*]    0.286 DTAU   0.074 R12[NB]  2.6E-04 RI[NB]   0.35 H     0.05 IPAIR        1 NAME(ICM)     16251 GAMMA   0.000 STEP(ICM)   3.8E-06 NPERT    1 NB(ICM)   97

 END KSREG   TIME[NB] 4.8634643555E+00 NAME(I1)       251 NAME(I2)      6774 M(I1)[M*]    3.473 M(I2)[M*]    0.286 DTAU   0.037 R12[NB]  1.0E-03 RI[NB]   0.35 H     0.05 IPAIR        1 NAME(ICM)     16251 GAMMA   0.000 STEP(I1)    3.9E-05 NPERT    1 NB(ICM)   90

 NEW KSREG   TIME[NB] 4.9474372864E+00 NAME(I1)        19 NAME(I2)      7489 M(I1)[M*]   13.141 M(I2)[M*]    0.254 DTAU   0.047 R12[NB]  3.8E-04 RI[NB]   0.17 H     0.13 IPAIR        1 NAME(ICM)     16019 GAMMA   0.000 STEP(ICM)   3.8E-06 NPERT    1 NB(ICM)   90

 END KSREG   TIME[NB] 4.9479980469E+00 NAME(I1)        19 NAME(I2)      7489 M(I1)[M*]   13.141 M(I2)[M*]    0.254 DTAU   0.029 R12[NB]  1.0E-03 RI[NB]   0.17 H     0.13 IPAIR        1 NAME(ICM)     16019 GAMMA   0.000 STEP(I1)    3.0E-05 NPERT    1 NB(ICM)   87

           TIME   M/MT:  1.00D-03  3.00D-03  5.00D-03  1.00D-02  3.00D-02  5.00D-02  1.00D-01  2.00D-01  3.00D-01  4.00D-01  5.00D-01  6.00D-01  7.00D-01  8.00D-01  9.00D-01  9.50D-01  9.90D-01  1.00D+00       <RC
     0.5000D+01 RLAGR:   6.12D-02  7.67D-02  8.59D-02  1.25D-01  1.68D-01  2.08D-01  2.90D-01  4.24D-01  5.38D-01  6.56D-01  7.96D-01  9.37D-01  1.14D+00  1.51D+00  2.21D+00  2.96D+00  4.85D+00  7.18D+00  2.89D-01
     0.5000D+01 AVMASS:  4.61D-05  7.55D-05  8.94D-05  7.96D-05  9.45D-05  8.82D-05  7.80D-05  6.76D-05  6.60D-05  6.40D-05  6.27D-05  6.35D-05  6.35D-05  6.24D-05  6.21D-05  6.23D-05  6.25D-05  6.25D-05  7.82D-05
     0.5000D+01 NPARTC:        23        40        57       126       318       568      1283      2963      4547      6246      7971      9454     11018     12813     14502     15241     15849     16000      1275

 ADJUST:  TIME    5.00000D+00  T[Myr]    0.84  Q 0.50  DE  -5.192E-08 DELTA  -1.298E-08 DETOT   4.479E-08 E  -2.500E-01 EKIN   2.481E-01 POT   4.981E-01 ETIDE   4.225E-05 ETOT  -2.500E-01 EBIN   0.000E+00 EMERGE   0.000E+00 ESUB   0.000E+00 ECOLL   0.000E+00 EMDOT  -2.870E-06 ECDOT   0.000E+00

  RMIN = 5.0E-04  DTMIN = 4.0E-06 RHOM = 5.6E+01 RSCALE = 8.0E-01 RSMIN = 8.3E-02  ECLOSE = 1.00  TC =    1
  PE       N        Total     Inti.    Intgrt      Reg.      Irr.     Pred.   Init.B.      Mdot      Move   Comm.I.   Comm.R.   Send.I.   Send.R.        KS    Adjust     OUT      Barr.   Barr.I.   Barr.R. Reg.GPU.S Reg.GPU.P Comm.Adj. Mdot.Fic.  Mdot.Fc. Mdot.Pot.  Mdot.EC.   Sort.B.    HighV  KS.Init.B  KS.Int.S  KS.Int.P  KS.Comm.  KS.Barr.   KS.Move   KS.Cmb. KS.Insert  KS.Init.  KS.Term.     Hiar.     KS.UP   KS.TP      xtsub1       xtsub2
   2   16000     20.41735      0.94     18.36      4.80      7.51      0.12      0.76      0.00      2.02      0.75      1.08      0.65      0.49      0.27      1.04      0.00      0.16      0.14      0.01      0.28      4.51      0.00      0.00      0.00      0.00      0.00      0.21      0.00      0.00      0.00      0.00      0.00      0.00      0.00      0.00      0.00      0.16      0.09      0.00      0.00      0.00  4.42813D+09  5.93377D+09


 TIME[NB]    5.000000E+00  N    16000  <NB>    59  NPAIRS       0  NMERGE     0 MULT    0 NS    16000  NSTEP(I,B,R,U)       5845026          319       601247          206  DE   -0.519211E-07  E         -0.249963

 NRUN =  1  M# =  6  CPU = 3.40329E-01  TRC = 18.5  DMIN = 4.8E-06 5.7E-05 1.0E+02 1.0E+02  AMIN = 1.0E+02  RMAX = 0.0E+00  RSMIN = 0.08  NEFF =  3042

    <R>  RTIDE  RDENS   RC      NC   MC   RHOD   RHOM  CMAX   <Cn>  Ir/R      UN      NP    RCM    VCM         AZ     EB/E   EM/E   TCR     T6  NESC  VRMS
 #1 0.80  28.2   0.06  0.29   1275  0.100    7.    56.    6.  72.9  0.04       0       0    0.000  0.0000   0.012566 -0.000 -0.000  2.83     0     0   4.6

          NIRRF      NBCORR  NNPRED  NBFULL  NBVOID   NICONV  NLSMIN NBSMIN   NBDIS  NBDIS2  NCMDER  NFAST NBFAST      NBLOCK      NBLCKR    NBFLUX
 #2   233717436      299851     398       0     928      48       0       0       0       0       0      0      0       20676         398   8392134

        NKSTRY     NKSREG     NKSHYP     NKSPER  NKSMOD   NTTRY   NTRIP    NQUAD  NCHAIN     NMERG   NEWHI  NSTEPT  NSTEPQ  NSTEPC
 #3          5          5          5          0       0       0       0        0        0        0       0       0       0       0

        NMDOT NRG  NHE  NRS  NNH  NWD  NSN  NBH  NBS  ZMRG  ZMHE  ZMRS  ZMNH  ZMWD  ZMSN   ZMDOT  NTYPE
 #4       17    0    0    0    0    0    0    0    0   0.0   0.0   0.0   0.0   0.0   0.0     0.0  13474  2526

      NDISS NTIDE  NSYNC  NCOLL  NCOAL  NDD  NCIRC  NROCHE  NRO  NCE  NHYP  NHYPC  NKICK  EBIN   EMERGE  ECOLL  EMDOT  ECDOT  EKICK  ESESC   EBESC  EMESC  DEGRAV   EBIND  MMAX
 #5       0     0      0      0      0    0      0       0    0    0     0      0      0   0.000   0.000   0.000 -0.000  0.000  0.000  0.000   0.000  0.000   0.000  -0.250  19.8
 STEP I       0      3     45     94    153    287    580   4238   5783   3664    783    263     87     20
 STEP R      14    247    616   1413   3525   5844   3463    841     36      1
 Max Speedup Irr:     4 3.98D+00    8 7.88D+00   16 1.54D+01   32 2.96D+01   64 5.43D+01  128 9.37D+01  256 1.42D+02  512 1.95D+02 1024 2.33D+02
 Max Speedup Reg:     4 4.00D+00    8 7.98D+00   16 1.59D+01   32 3.16D+01   64 6.23D+01  128 1.21D+02  256 2.26D+02  512 4.08D+02 1024 6.77D+02

 NEW KSREG   TIME[NB] 5.3004798889E+00 NAME(I1)      6423 NAME(I2)     13594 M(I1)[M*]    0.304 M(I2)[M*]    0.107 DTAU   0.084 R12[NB]  1.9E-04 RI[NB]   0.17 H     0.70 IPAIR        1 NAME(ICM)     22423 GAMMA   0.000 STEP(ICM)   3.8E-06 NPERT   24 NB(ICM)   81

 END KSREG   TIME[NB] 5.3014526367E+00 NAME(I1)      6423 NAME(I2)     13594 M(I1)[M*]    0.304 M(I2)[M*]    0.107 DTAU   0.033 R12[NB]  1.1E-03 RI[NB]   0.17 H     0.70 IPAIR        1 NAME(ICM)     22423 GAMMA   0.000 STEP(I1)    3.6E-05 NPERT   24 NB(ICM)   78

 NEW KSREG   TIME[NB] 5.3931541443E+00 NAME(I1)      1710 NAME(I2)      2060 M(I1)[M*]    0.880 M(I2)[M*]    0.768 DTAU   0.063 R12[NB]  2.4E-04 RI[NB]   0.57 H     1.23 IPAIR        1 NAME(ICM)     17710 GAMMA   0.000 STEP(ICM)   3.8E-06 NPERT    2 NB(ICM)   91

 END KSREG   TIME[NB] 5.3938598633E+00 NAME(I1)      1710 NAME(I2)      2060 M(I1)[M*]    0.880 M(I2)[M*]    0.768 DTAU   0.036 R12[NB]  1.0E-03 RI[NB]   0.57 H     1.23 IPAIR        1 NAME(ICM)     17710 GAMMA   0.004 STEP(I1)    3.9E-05 NPERT    2 NB(ICM)   82

 NEW KSREG   TIME[NB] 5.4102287292E+00 NAME(I1)      1951 NAME(I2)      7886 M(I1)[M*]    0.803 M(I2)[M*]    0.237 DTAU   0.104 R12[NB]  1.4E-04 RI[NB]   0.95 H     0.14 IPAIR        1 NAME(ICM)     17951 GAMMA   0.000 STEP(ICM)   3.8E-06 NPERT    1 NB(ICM)   32

 END KSREG   TIME[NB] 5.4114990234E+00 NAME(I1)      1951 NAME(I2)      7886 M(I1)[M*]    0.803 M(I2)[M*]    0.237 DTAU   0.039 R12[NB]  1.0E-03 RI[NB]   0.95 H     0.14 IPAIR        1 NAME(ICM)     17951 GAMMA   0.000 STEP(I1)    4.0E-05 NPERT    1 NB(ICM)   29

 NEW KSREG   TIME[NB] 5.4635505676E+00 NAME(I1)       295 NAME(I2)     13810 M(I1)[M*]    3.189 M(I2)[M*]    0.104 DTAU   0.076 R12[NB]  2.8E-04 RI[NB]   0.27 H     0.87 IPAIR        1 NAME(ICM)     16295 GAMMA   0.000 STEP(ICM)   3.8E-06 NPERT    1 NB(ICM)   80

 END KSREG   TIME[NB] 5.4642333984E+00 NAME(I1)       295 NAME(I2)     13810 M(I1)[M*]    3.189 M(I2)[M*]    0.104 DTAU   0.040 R12[NB]  1.0E-03 RI[NB]   0.27 H     0.87 IPAIR        1 NAME(ICM)     16295 GAMMA   0.000 STEP(I1)    4.2E-05 NPERT    1 NB(ICM)   70

 NEW KSREG   TIME[NB] 5.4668083191E+00 NAME(I1)      5450 NAME(I2)     14588 M(I1)[M*]    0.363 M(I2)[M*]    0.094 DTAU   0.057 R12[NB]  2.1E-04 RI[NB]   0.29 H     1.52 IPAIR        1 NAME(ICM)     21450 GAMMA   0.000 STEP(ICM)   3.8E-06 NPERT   11 NB(ICM)   90

 END KSREG   TIME[NB] 5.4674682617E+00 NAME(I1)      5450 NAME(I2)     14588 M(I1)[M*]    0.363 M(I2)[M*]    0.094 DTAU   0.056 R12[NB]  1.0E-03 RI[NB]   0.30 H     1.52 IPAIR        1 NAME(ICM)     21450 GAMMA   0.000 STEP(I1)    6.0E-05 NPERT   11 NB(ICM)   85

 NEW KSREG   TIME[NB] 5.5967674255E+00 NAME(I1)      9959 NAME(I2)     13979 M(I1)[M*]    0.175 M(I2)[M*]    0.102 DTAU   0.078 R12[NB]  1.6E-04 RI[NB]   0.34 H     0.81 IPAIR        1 NAME(ICM)     25959 GAMMA   0.000 STEP(ICM)   3.8E-06 NPERT   13 NB(ICM)  107

 END KSREG   TIME[NB] 5.5976562500E+00 NAME(I1)      9959 NAME(I2)     13979 M(I1)[M*]    0.175 M(I2)[M*]    0.102 DTAU   0.029 R12[NB]  1.0E-03 RI[NB]   0.34 H     0.81 IPAIR        1 NAME(ICM)     25959 GAMMA   0.000 STEP(I1)    3.1E-05 NPERT   13 NB(ICM)   91

 NEW KSREG   TIME[NB] 5.6184425354E+00 NAME(I1)      1252 NAME(I2)      5233 M(I1)[M*]    1.113 M(I2)[M*]    0.376 DTAU   0.105 R12[NB]  2.1E-04 RI[NB]   0.21 H     0.11 IPAIR        1 NAME(ICM)     17252 GAMMA   0.000 STEP(ICM)   3.8E-06 NPERT    4 NB(ICM)  114

 NEW KSREG   TIME[NB] 5.6190528870E+00 NAME(I1)      1412 NAME(I2)      3948 M(I1)[M*]    1.020 M(I2)[M*]    0.476 DTAU   0.047 R12[NB]  3.1E-04 RI[NB]   0.20 H     2.24 IPAIR        2 NAME(ICM)     17412 GAMMA   0.000 STEP(ICM)   3.8E-06 NPERT    4 NB(ICM)  110

 END KSREG   TIME[NB] 5.6196289062E+00 NAME(I1)      1252 NAME(I2)      5233 M(I1)[M*]    1.113 M(I2)[M*]    0.376 DTAU   0.044 R12[NB]  1.0E-03 RI[NB]   0.21 H     0.11 IPAIR        1 NAME(ICM)     17252 GAMMA   0.000 STEP(I1)    4.6E-05 NPERT    4 NB(ICM)  108

 END KSREG   TIME[NB] 5.6196899414E+00 NAME(I1)      1412 NAME(I2)      3948 M(I1)[M*]    1.020 M(I2)[M*]    0.476 DTAU   0.047 R12[NB]  1.1E-03 RI[NB]   0.20 H     2.24 IPAIR        1 NAME(ICM)     17412 GAMMA   0.000 STEP(I1)    5.2E-05 NPERT    4 NB(ICM)  104

 NEW KSREG   TIME[NB] 5.6384620667E+00 NAME(I1)        15 NAME(I2)      3606 M(I1)[M*]   13.944 M(I2)[M*]    0.509 DTAU   0.005 R12[NB]  4.1E-04 RI[NB]   0.39 H    -0.02 IPAIR        1 NAME(ICM)     16015 GAMMA   0.000 STEP(ICM)   3.8E-06 NPERT  110 NB(ICM)  110

 END KSREG   TIME[NB] 5.6390380859E+00 NAME(I1)        15 NAME(I2)      3606 M(I1)[M*]   13.944 M(I2)[M*]    0.509 DTAU   0.029 R12[NB]  1.1E-03 RI[NB]   0.39 H    -0.02 IPAIR        1 NAME(ICM)     16015 GAMMA   0.000 STEP(I1)    3.2E-05 NPERT  110 NB(ICM)   96

 NEW KSREG   TIME[NB] 5.8034706116E+00 NAME(I1)       291 NAME(I2)      5310 M(I1)[M*]    3.197 M(I2)[M*]    0.371 DTAU   0.080 R12[NB]  2.9E-04 RI[NB]   0.31 H     0.20 IPAIR        1 NAME(ICM)     16291 GAMMA   0.000 STEP(ICM)   3.8E-06 NPERT    3 NB(ICM)   76

 END KSREG   TIME[NB] 5.8043212891E+00 NAME(I1)       291 NAME(I2)      5310 M(I1)[M*]    3.197 M(I2)[M*]    0.371 DTAU   0.042 R12[NB]  1.0E-03 RI[NB]   0.31 H     0.20 IPAIR        1 NAME(ICM)     16291 GAMMA   0.000 STEP(I1)    4.4E-05 NPERT    3 NB(ICM)   73

           TIME   M/MT:  1.00D-03  3.00D-03  5.00D-03  1.00D-02  3.00D-02  5.00D-02  1.00D-01  2.00D-01  3.00D-01  4.00D-01  5.00D-01  6.00D-01  7.00D-01  8.00D-01  9.00D-01  9.50D-01  9.90D-01  1.00D+00       <RC
     0.6000D+01 RLAGR:   3.91D-02  6.89D-02  7.40D-02  1.03D-01  1.97D-01  2.42D-01  3.13D-01  4.27D-01  5.43D-01  6.68D-01  7.94D-01  9.46D-01  1.17D+00  1.52D+00  2.20D+00  2.93D+00  4.82D+00  7.38D+00  3.02D-01
     0.6000D+01 AVMASS:  3.21D-04  1.44D-04  2.08D-04  1.48D-04  7.34D-05  6.99D-05  7.16D-05  6.97D-05  6.65D-05  6.48D-05  6.45D-05  6.41D-05  6.32D-05  6.25D-05  6.22D-05  6.24D-05  6.25D-05  6.25D-05  6.89D-05
     0.6000D+01 NPARTC:         5        21        30        68       409       716      1403      2876      4513      6175      7755      9367     11083     12812     14479     15232     15840     16000      1284

 ADJUST:  TIME    6.00000D+00  T[Myr]    1.01  Q 0.49  DE  -3.484E-08 DELTA  -8.709E-09 DETOT   3.608E-08 E  -2.500E-01 EKIN   2.412E-01 POT   4.912E-01 ETIDE   4.337E-05 ETOT  -2.500E-01 EBIN   0.000E+00 EMERGE   0.000E+00 ESUB   0.000E+00 ECOLL   0.000E+00 EMDOT  -3.654E-06 ECDOT   0.000E+00

  RMIN = 5.0E-04  DTMIN = 4.0E-06 RHOM = 4.4E+01 RSCALE = 7.9E-01 RSMIN = 8.6E-02  ECLOSE = 1.00  TC =    2
  PE       N        Total     Inti.    Intgrt      Reg.      Irr.     Pred.   Init.B.      Mdot      Move   Comm.I.   Comm.R.   Send.I.   Send.R.        KS    Adjust     OUT      Barr.   Barr.I.   Barr.R. Reg.GPU.S Reg.GPU.P Comm.Adj. Mdot.Fic.  Mdot.Fc. Mdot.Pot.  Mdot.EC.   Sort.B.    HighV  KS.Init.B  KS.Int.S  KS.Int.P  KS.Comm.  KS.Barr.   KS.Move   KS.Cmb. KS.Insert  KS.Init.  KS.Term.     Hiar.     KS.UP   KS.TP      xtsub1       xtsub2
   2   16000     24.44798      0.94     22.04      5.73      9.03      0.14      0.91      0.00      2.42      0.91      1.28      0.79      0.59      0.35      1.33      0.01      0.20      0.18      0.02      0.34      5.38      0.00      0.00      0.00      0.00      0.00      0.25      0.00      0.00      0.00      0.00      0.00      0.00      0.00      0.00      0.00      0.20      0.12      0.01      0.00      0.00  5.28481D+09  7.04456D+09


 TIME[NB]    6.000000E+00  N    16000  <NB>    59  NPAIRS       0  NMERGE     0 MULT    0 NS    16000  NSTEP(I,B,R,U)       5748679          439       580062          430  DE   -0.348419E-07  E         -0.249963

 NRUN =  1  M# =  7  CPU = 4.07490E-01  TRC = 19.9  DMIN = 4.8E-06 3.7E-05 1.0E+02 1.0E+02  AMIN = 1.0E+02  RMAX = 0.0E+00  RSMIN = 0.09  NEFF =  3042

    <R>  RTIDE  RDENS   RC      NC   MC   RHOD   RHOM  CMAX   <Cn>  Ir/R      UN      NP    RCM    VCM         AZ     EB/E   EM/E   TCR     T6  NESC  VRMS
 #1 0.79  28.2   0.04  0.30   1284  0.088    6.    44.    4.  72.5  0.04       0       0    0.000  0.0000   0.012566 -0.000 -0.000  2.83     1     0   4.6

          NIRRF      NBCORR  NNPRED  NBFULL  NBVOID   NICONV  NLSMIN NBSMIN   NBDIS  NBDIS2  NCMDER  NFAST NBFAST      NBLOCK      NBLCKR    NBFLUX
 #2   230895240      288965     422       0     822      44       0       0       0       0       0      0      0       20243         422   8157087

        NKSTRY     NKSREG     NKSHYP     NKSPER  NKSMOD   NTTRY   NTRIP    NQUAD  NCHAIN     NMERG   NEWHI  NSTEPT  NSTEPQ  NSTEPC
 #3         10         10          9          0       0       0       0        0        0        0       0       0       0       0

        NMDOT NRG  NHE  NRS  NNH  NWD  NSN  NBH  NBS  ZMRG  ZMHE  ZMRS  ZMNH  ZMWD  ZMSN   ZMDOT  NTYPE
 #4       26    0    0    0    0    0    0    0    0   0.0   0.0   0.0   0.0   0.0   0.0     0.0  13474  2526

      NDISS NTIDE  NSYNC  NCOLL  NCOAL  NDD  NCIRC  NROCHE  NRO  NCE  NHYP  NHYPC  NKICK  EBIN   EMERGE  ECOLL  EMDOT  ECDOT  EKICK  ESESC   EBESC  EMESC  DEGRAV   EBIND  MMAX
 #5       0     0      0      0      0    0      0       0    0    0     0      0      0   0.000   0.000   0.000 -0.000  0.000  0.000  0.000   0.000  0.000   0.000  -0.250  19.8
 STEP I       0      2     43     99    154    299    614   4138   5954   3631    762    243     47     12      2
 STEP R      29    237    639   1383   3777   5925   3313    655     39      3
 Max Speedup Irr:     4 3.98D+00    8 7.88D+00   16 1.54D+01   32 2.96D+01   64 5.43D+01  128 9.36D+01  256 1.42D+02  512 1.94D+02 1024 2.33D+02
 Max Speedup Reg:     4 4.00D+00    8 7.98D+00   16 1.59D+01   32 3.16D+01   64 6.23D+01  128 1.21D+02  256 2.26D+02  512 4.05D+02 1024 6.70D+02

 NEW KSREG   TIME[NB] 6.1075248718E+00 NAME(I1)      2096 NAME(I2)      3402 M(I1)[M*]    0.759 M(I2)[M*]    0.531 DTAU   0.095 R12[NB]  1.5E-04 RI[NB]   0.23 H     0.10 IPAIR        1 NAME(ICM)     18096 GAMMA   0.000 STEP(ICM)   3.8E-06 NPERT    3 NB(ICM)  111

 END KSREG   TIME[NB] 6.1087646484E+00 NAME(I1)      2096 NAME(I2)      3402 M(I1)[M*]    0.759 M(I2)[M*]    0.531 DTAU   0.036 R12[NB]  1.0E-03 RI[NB]   0.23 H     0.10 IPAIR        1 NAME(ICM)     18096 GAMMA   0.000 STEP(I1)    3.7E-05 NPERT    3 NB(ICM)  104

 NEW KSREG   TIME[NB] 6.1612815857E+00 NAME(I1)       754 NAME(I2)     11225 M(I1)[M*]    1.668 M(I2)[M*]    0.146 DTAU   0.056 R12[NB]  2.9E-04 RI[NB]   0.33 H     1.58 IPAIR        1 NAME(ICM)     16754 GAMMA   0.000 STEP(ICM)   3.8E-06 NPERT    4 NB(ICM)  112

 END KSREG   TIME[NB] 6.1619873047E+00 NAME(I1)       754 NAME(I2)     11225 M(I1)[M*]    1.668 M(I2)[M*]    0.146 DTAU   0.056 R12[NB]  1.1E-03 RI[NB]   0.33 H     1.58 IPAIR        1 NAME(ICM)     16754 GAMMA   0.000 STEP(I1)    6.3E-05 NPERT    4 NB(ICM)  103

 NEW KSREG   TIME[NB] 6.2772560120E+00 NAME(I1)      6760 NAME(I2)      9664 M(I1)[M*]    0.287 M(I2)[M*]    0.182 DTAU   0.123 R12[NB]  1.8E-04 RI[NB]   0.58 H     0.33 IPAIR        1 NAME(ICM)     22760 GAMMA   0.000 STEP(ICM)   3.8E-06 NPERT    2 NB(ICM)   97

 END KSREG   TIME[NB] 6.2784423828E+00 NAME(I1)      6760 NAME(I2)      9664 M(I1)[M*]    0.287 M(I2)[M*]    0.182 DTAU   0.046 R12[NB]  1.0E-03 RI[NB]   0.58 H     0.33 IPAIR        1 NAME(ICM)     22760 GAMMA   0.000 STEP(I1)    4.9E-05 NPERT    2 NB(ICM)   84

 NEW KSREG   TIME[NB] 6.3107566833E+00 NAME(I1)      1514 NAME(I2)      9014 M(I1)[M*]    0.973 M(I2)[M*]    0.201 DTAU   0.054 R12[NB]  2.6E-04 RI[NB]   0.26 H     1.69 IPAIR        1 NAME(ICM)     17514 GAMMA   0.000 STEP(ICM)   3.8E-06 NPERT    6 NB(ICM)  125

 END KSREG   TIME[NB] 6.3115234375E+00 NAME(I1)      1514 NAME(I2)      9014 M(I1)[M*]    0.973 M(I2)[M*]    0.201 DTAU   0.054 R12[NB]  1.2E-03 RI[NB]   0.26 H     1.69 IPAIR        1 NAME(ICM)     17514 GAMMA   0.000 STEP(I1)    6.9E-05 NPERT    6 NB(ICM)  113

 NEW KSREG   TIME[NB] 6.3826942444E+00 NAME(I1)       223 NAME(I2)      7884 M(I1)[M*]    3.821 M(I2)[M*]    0.237 DTAU   0.074 R12[NB]  2.8E-04 RI[NB]   0.26 H     0.15 IPAIR        1 NAME(ICM)     16223 GAMMA   0.000 STEP(ICM)   3.8E-06 NPERT    1 NB(ICM)  101

 END KSREG   TIME[NB] 6.3835449219E+00 NAME(I1)       223 NAME(I2)      7884 M(I1)[M*]    3.821 M(I2)[M*]    0.237 DTAU   0.038 R12[NB]  1.0E-03 RI[NB]   0.26 H     0.15 IPAIR        1 NAME(ICM)     16223 GAMMA   0.000 STEP(I1)    4.1E-05 NPERT    1 NB(ICM)   96

 NEW KSREG   TIME[NB] 6.4152717590E+00 NAME(I1)        51 NAME(I2)       192 M(I1)[M*]    9.181 M(I2)[M*]    4.235 DTAU   0.051 R12[NB]  4.3E-04 RI[NB]   0.15 H     0.12 IPAIR        1 NAME(ICM)     16051 GAMMA   0.000 STEP(ICM)   3.8E-06 NPERT    1 NB(ICM)  111

 END KSREG   TIME[NB] 6.4157714844E+00 NAME(I1)        51 NAME(I2)       192 M(I1)[M*]    9.181 M(I2)[M*]    4.235 DTAU   0.033 R12[NB]  1.0E-03 RI[NB]   0.15 H     0.12 IPAIR        1 NAME(ICM)     16051 GAMMA   0.000 STEP(I1)    3.5E-05 NPERT    1 NB(ICM)  101

 NEW KSREG   TIME[NB] 6.4908523560E+00 NAME(I1)      9681 NAME(I2)     12598 M(I1)[M*]    0.182 M(I2)[M*]    0.122 DTAU   0.073 R12[NB]  1.6E-04 RI[NB]   0.45 H     0.93 IPAIR        1 NAME(ICM)     25681 GAMMA   0.000 STEP(ICM)   7.6E-06 NPERT    7 NB(ICM)   93

 END KSREG   TIME[NB] 6.4916992188E+00 NAME(I1)      9681 NAME(I2)     12598 M(I1)[M*]    0.182 M(I2)[M*]    0.122 DTAU   0.028 R12[NB]  1.1E-03 RI[NB]   0.45 H     0.93 IPAIR        1 NAME(ICM)     25681 GAMMA   0.000 STEP(I1)    3.0E-05 NPERT    7 NB(ICM)   87

 NEW KSREG   TIME[NB] 6.5355415344E+00 NAME(I1)       205 NAME(I2)     10061 M(I1)[M*]    4.043 M(I2)[M*]    0.172 DTAU   0.007 R12[NB]  2.9E-04 RI[NB]   0.64 H    -0.01 IPAIR        1 NAME(ICM)     16205 GAMMA   0.000 STEP(ICM)   3.8E-06 NPERT  100 NB(ICM)  100

 END KSREG   TIME[NB] 6.5363769531E+00 NAME(I1)       205 NAME(I2)     10061 M(I1)[M*]    4.043 M(I2)[M*]    0.172 DTAU   0.038 R12[NB]  1.1E-03 RI[NB]   0.64 H    -0.01 IPAIR        1 NAME(ICM)     16205 GAMMA   0.000 STEP(I1)    4.2E-05 NPERT  100 NB(ICM)   97

 NEW KSREG   TIME[NB] 6.6519432068E+00 NAME(I1)      1332 NAME(I2)      8002 M(I1)[M*]    1.071 M(I2)[M*]    0.234 DTAU   0.068 R12[NB]  2.5E-04 RI[NB]   0.22 H     1.07 IPAIR        1 NAME(ICM)     17332 GAMMA   0.000 STEP(ICM)   3.8E-06 NPERT    7 NB(ICM)   86

 END KSREG   TIME[NB] 6.6528320312E+00 NAME(I1)      1332 NAME(I2)      8002 M(I1)[M*]    1.071 M(I2)[M*]    0.234 DTAU   0.067 R12[NB]  1.2E-03 RI[NB]   0.23 H     1.07 IPAIR        1 NAME(ICM)     17332 GAMMA   0.000 STEP(I1)    8.4E-05 NPERT    7 NB(ICM)   84

 NEW KSREG   TIME[NB] 6.6840476990E+00 NAME(I1)      1010 NAME(I2)     13103 M(I1)[M*]    1.335 M(I2)[M*]    0.114 DTAU   0.076 R12[NB]  2.0E-04 RI[NB]   0.41 H     0.87 IPAIR        1 NAME(ICM)     17010 GAMMA   0.000 STEP(ICM)   3.8E-06 NPERT    2 NB(ICM)   99

 END KSREG   TIME[NB] 6.6847534180E+00 NAME(I1)      1010 NAME(I2)     13103 M(I1)[M*]    1.335 M(I2)[M*]    0.114 DTAU   0.033 R12[NB]  1.0E-03 RI[NB]   0.41 H     0.87 IPAIR        1 NAME(ICM)     17010 GAMMA   0.000 STEP(I1)    3.5E-05 NPERT    2 NB(ICM)   88

 NEW KSREG   TIME[NB] 6.9797706604E+00 NAME(I1)      2551 NAME(I2)      5672 M(I1)[M*]    0.656 M(I2)[M*]    0.349 DTAU   0.083 R12[NB]  2.3E-04 RI[NB]   0.10 H     0.72 IPAIR        1 NAME(ICM)     18551 GAMMA   0.000 STEP(ICM)   3.8E-06 NPERT   11 NB(ICM)  159

 END KSREG   TIME[NB] 6.9806518555E+00 NAME(I1)      2551 NAME(I2)      5672 M(I1)[M*]    0.656 M(I2)[M*]    0.349 DTAU   0.039 R12[NB]  1.0E-03 RI[NB]   0.10 H     0.72 IPAIR        1 NAME(ICM)     18551 GAMMA   0.000 STEP(I1)    4.1E-05 NPERT   11 NB(ICM)  148

 NEW KSREG   TIME[NB] 6.9876594543E+00 NAME(I1)      2011 NAME(I2)      6105 M(I1)[M*]    0.785 M(I2)[M*]    0.322 DTAU   0.050 R12[NB]  2.4E-04 RI[NB]   0.32 H     1.98 IPAIR        1 NAME(ICM)     18011 GAMMA   0.000 STEP(ICM)   3.8E-06 NPERT    4 NB(ICM)  140

 END KSREG   TIME[NB] 6.9881896973E+00 NAME(I1)      2011 NAME(I2)      6105 M(I1)[M*]    0.785 M(I2)[M*]    0.322 DTAU   0.050 R12[NB]  1.0E-03 RI[NB]   0.32 H     1.98 IPAIR        1 NAME(ICM)     18011 GAMMA   0.000 STEP(I1)    5.3E-05 NPERT    4 NB(ICM)  119

           TIME   M/MT:  1.00D-03  3.00D-03  5.00D-03  1.00D-02  3.00D-02  5.00D-02  1.00D-01  2.00D-01  3.00D-01  4.00D-01  5.00D-01  6.00D-01  7.00D-01  8.00D-01  9.00D-01  9.50D-01  9.90D-01  1.00D+00       <RC
     0.7000D+01 RLAGR:   6.57D-02  8.44D-02  1.06D-01  1.26D-01  1.65D-01  2.03D-01  2.85D-01  4.12D-01  5.27D-01  6.51D-01  7.88D-01  9.52D-01  1.19D+00  1.48D+00  2.23D+00  3.04D+00  4.81D+00  7.67D+00  2.55D-01
     0.7000D+01 AVMASS:  5.04D-05  8.35D-05  6.65D-05  8.20D-05  1.01D-04  9.89D-05  8.31D-05  7.27D-05  6.96D-05  6.66D-05  6.53D-05  6.46D-05  6.35D-05  6.34D-05  6.21D-05  6.23D-05  6.25D-05  6.25D-05  8.62D-05
     0.7000D+01 NPARTC:        21        45        76       122       297       506      1204      2751      4313      6008      7654      9289     11027     12629     14501     15259     15835     16000       921

 ADJUST:  TIME    7.00000D+00  T[Myr]    1.17  Q 0.50  DE  -1.809E-07 DELTA  -4.541E-08 DETOT  -9.329E-09 E  -2.500E-01 EKIN   2.510E-01 POT   5.010E-01 ETIDE   4.437E-05 ETOT  -2.500E-01 EBIN   0.000E+00 EMERGE   0.000E+00 ESUB   0.000E+00 ECOLL   0.000E+00 EMDOT  -4.778E-06 ECDOT   0.000E+00

  RMIN = 5.0E-04  DTMIN = 4.0E-06 RHOM = 1.0E+02 RSCALE = 7.9E-01 RSMIN = 8.5E-02  ECLOSE = 1.00  TC =    2
  PE       N        Total     Inti.    Intgrt      Reg.      Irr.     Pred.   Init.B.      Mdot      Move   Comm.I.   Comm.R.   Send.I.   Send.R.        KS    Adjust     OUT      Barr.   Barr.I.   Barr.R. Reg.GPU.S Reg.GPU.P Comm.Adj. Mdot.Fic.  Mdot.Fc. Mdot.Pot.  Mdot.EC.   Sort.B.    HighV  KS.Init.B  KS.Int.S  KS.Int.P  KS.Comm.  KS.Barr.   KS.Move   KS.Cmb. KS.Insert  KS.Init.  KS.Term.     Hiar.     KS.UP   KS.TP      xtsub1       xtsub2
   2   16000     28.12084      0.94     25.44      6.59     10.47      0.17      1.03      0.00      2.79      1.03      1.44      0.94      0.69      0.44      1.51      0.01      0.23      0.20      0.02      0.40      6.17      0.00      0.00      0.00      0.00      0.00      0.28      0.00      0.00      0.00      0.00      0.00      0.00      0.00      0.00      0.00      0.25      0.16      0.01      0.00      0.00  6.11907D+09  8.13255D+09


 TIME[NB]    7.000000E+00  N    16000  <NB>    60  NPAIRS       0  NMERGE     0 MULT    0 NS    16000  NSTEP(I,B,R,U)       5674430          565       568124          512  DE   -0.180900E-06  E         -0.249963

 NRUN =  1  M# =  8  CPU = 4.68705E-01  TRC =  9.3  DMIN = 4.6E-06 4.6E-06 1.0E+02 1.0E+02  AMIN = 1.0E+02  RMAX = 0.0E+00  RSMIN = 0.09  NEFF =  3042

    <R>  RTIDE  RDENS   RC      NC   MC   RHOD   RHOM  CMAX   <Cn>  Ir/R      UN      NP    RCM    VCM         AZ     EB/E   EM/E   TCR     T6  NESC  VRMS
 #1 0.79  28.2   0.02  0.26    921  0.079   10.   101.    5.  74.2  0.05       0       0    0.000  0.0000   0.012567 -0.000 -0.000  2.83     1     0   4.7

          NIRRF      NBCORR  NNPRED  NBFULL  NBVOID   NICONV  NLSMIN NBSMIN   NBDIS  NBDIS2  NCMDER  NFAST NBFAST      NBLOCK      NBLCKR    NBFLUX
 #2   229786340      282935     443       0     788      42       0       2       0       0       0      0      0       19748         443   7945461

        NKSTRY     NKSREG     NKSHYP     NKSPER  NKSMOD   NTTRY   NTRIP    NQUAD  NCHAIN     NMERG   NEWHI  NSTEPT  NSTEPQ  NSTEPC
 #3         13         12         11          0       0       0       0        0        0        0       0       0       0       0

        NMDOT NRG  NHE  NRS  NNH  NWD  NSN  NBH  NBS  ZMRG  ZMHE  ZMRS  ZMNH  ZMWD  ZMSN   ZMDOT  NTYPE
 #4       35    0    0    0    0    0    0    0    0   0.0   0.0   0.0   0.0   0.0   0.0     0.1  13474  2526

      NDISS NTIDE  NSYNC  NCOLL  NCOAL  NDD  NCIRC  NROCHE  NRO  NCE  NHYP  NHYPC  NKICK  EBIN   EMERGE  ECOLL  EMDOT  ECDOT  EKICK  ESESC   EBESC  EMESC  DEGRAV   EBIND  MMAX
 #5       0     0      0      0      0    0      0       0    0    0     0      0      0   0.000   0.000   0.000 -0.000  0.000  0.000  0.000   0.000  0.000   0.000  -0.250  19.8
 STEP I       0      3     46     91    168    324    577   4071   5904   3722    769    233     76     12      4
 STEP R      16    266    648   1396   3838   5644   3359    791     42
 Max Speedup Irr:     4 3.98D+00    8 7.88D+00   16 1.54D+01   32 2.96D+01   64 5.42D+01  128 9.36D+01  256 1.42D+02  512 1.94D+02 1024 2.33D+02
 Max Speedup Reg:     4 3.99D+00    8 7.98D+00   16 1.59D+01   32 3.16D+01   64 6.22D+01  128 1.20D+02  256 2.25D+02  512 4.02D+02 1024 6.64D+02

 NEW KSREG   TIME[NB] 7.0289421082E+00 NAME(I1)        65 NAME(I2)      3010 M(I1)[M*]    8.244 M(I2)[M*]    0.583 DTAU   0.061 R12[NB]  4.2E-04 RI[NB]   0.16 H     1.33 IPAIR        1 NAME(ICM)     16065 GAMMA   0.000 STEP(ICM)   3.8E-06 NPERT    2 NB(ICM)  104

 END KSREG   TIME[NB] 7.0294494629E+00 NAME(I1)        65 NAME(I2)      3010 M(I1)[M*]    8.244 M(I2)[M*]    0.583 DTAU   0.057 R12[NB]  1.0E-03 RI[NB]   0.16 H     1.33 IPAIR        1 NAME(ICM)     16065 GAMMA   0.000 STEP(I1)    6.3E-05 NPERT    2 NB(ICM)  100

 NEW KSREG   TIME[NB] 7.0296363831E+00 NAME(I1)      3702 NAME(I2)         2 M(I1)[M*]    0.499 M(I2)[M*]   19.644 DTAU   0.058 R12[NB]  3.8E-04 RI[NB]   0.37 H     1.50 IPAIR        1 NAME(ICM)     19702 GAMMA   0.000 STEP(ICM)   3.8E-06 NPERT    1 NB(ICM)  112

 END KSREG   TIME[NB] 7.0300292969E+00 NAME(I1)      3702 NAME(I2)         2 M(I1)[M*]    0.499 M(I2)[M*]   19.644 DTAU   0.058 R12[NB]  1.0E-03 RI[NB]   0.37 H     1.50 IPAIR        1 NAME(ICM)     19702 GAMMA   0.000 STEP(I1)    6.3E-05 NPERT    1 NB(ICM)   98

 NEW KSREG   TIME[NB] 7.0970039368E+00 NAME(I1)        62 NAME(I2)      5407 M(I1)[M*]    8.577 M(I2)[M*]    0.366 DTAU   0.059 R12[NB]  3.9E-04 RI[NB]   0.66 H     0.35 IPAIR        1 NAME(ICM)     16062 GAMMA   0.000 STEP(ICM)   3.8E-06 NPERT    1 NB(ICM)  104

 END KSREG   TIME[NB] 7.0975952148E+00 NAME(I1)        62 NAME(I2)      5407 M(I1)[M*]    8.577 M(I2)[M*]    0.366 DTAU   0.036 R12[NB]  1.0E-03 RI[NB]   0.66 H     0.35 IPAIR        1 NAME(ICM)     16062 GAMMA   0.000 STEP(I1)    3.8E-05 NPERT    1 NB(ICM)   90

 NEW KSREG   TIME[NB] 7.1138496399E+00 NAME(I1)      8181 NAME(I2)      8521 M(I1)[M*]    0.227 M(I2)[M*]    0.216 DTAU   0.053 R12[NB]  2.2E-04 RI[NB]   0.21 H     1.80 IPAIR        1 NAME(ICM)     24181 GAMMA   0.000 STEP(ICM)   3.8E-06 NPERT   19 NB(ICM)   93

 END KSREG   TIME[NB] 7.1144104004E+00 NAME(I1)      8181 NAME(I2)      8521 M(I1)[M*]    0.227 M(I2)[M*]    0.216 DTAU   0.051 R12[NB]  1.0E-03 RI[NB]   0.21 H     1.80 IPAIR        1 NAME(ICM)     24181 GAMMA   0.000 STEP(I1)    5.3E-05 NPERT   19 NB(ICM)   91

 NEW KSREG   TIME[NB] 7.2547340393E+00 NAME(I1)      3077 NAME(I2)     12459 M(I1)[M*]    0.573 M(I2)[M*]    0.124 DTAU   0.053 R12[NB]  2.2E-04 RI[NB]   0.18 H     1.77 IPAIR        1 NAME(ICM)     19077 GAMMA   0.000 STEP(ICM)   3.8E-06 NPERT   11 NB(ICM)  109

 END KSREG   TIME[NB] 7.2553710938E+00 NAME(I1)      3077 NAME(I2)     12459 M(I1)[M*]    0.573 M(I2)[M*]    0.124 DTAU   0.050 R12[NB]  1.1E-03 RI[NB]   0.18 H     1.77 IPAIR        1 NAME(ICM)     19077 GAMMA   0.000 STEP(I1)    5.8E-05 NPERT   11 NB(ICM)  100

 NEW KSREG   TIME[NB] 7.3462028503E+00 NAME(I1)       348 NAME(I2)      9348 M(I1)[M*]    2.884 M(I2)[M*]    0.191 DTAU   0.073 R12[NB]  2.0E-04 RI[NB]   0.44 H     0.37 IPAIR        1 NAME(ICM)     16348 GAMMA   0.000 STEP(ICM)   3.8E-06 NPERT    1 NB(ICM)  122

 END KSREG   TIME[NB] 7.3470458984E+00 NAME(I1)       348 NAME(I2)      9348 M(I1)[M*]    2.884 M(I2)[M*]    0.191 DTAU   0.032 R12[NB]  1.1E-03 RI[NB]   0.44 H     0.37 IPAIR        1 NAME(ICM)     16348 GAMMA   0.000 STEP(I1)    3.4E-05 NPERT    1 NB(ICM)  111

 NEW KSREG   TIME[NB] 7.5320701599E+00 NAME(I1)      3529 NAME(I2)      9386 M(I1)[M*]    0.516 M(I2)[M*]    0.190 DTAU   0.060 R12[NB]  2.0E-04 RI[NB]   0.38 H     1.41 IPAIR        1 NAME(ICM)     19529 GAMMA   0.000 STEP(ICM)   3.8E-06 NPERT    7 NB(ICM)  109

 END KSREG   TIME[NB] 7.5327148438E+00 NAME(I1)      3529 NAME(I2)      9386 M(I1)[M*]    0.516 M(I2)[M*]    0.190 DTAU   0.059 R12[NB]  1.0E-03 RI[NB]   0.38 H     1.41 IPAIR        1 NAME(ICM)     19529 GAMMA   0.000 STEP(I1)    6.3E-05 NPERT    7 NB(ICM)  103

 NEW KSREG   TIME[NB] 7.6426124573E+00 NAME(I1)        60 NAME(I2)      6552 M(I1)[M*]    8.647 M(I2)[M*]    0.296 DTAU   0.060 R12[NB]  4.0E-04 RI[NB]   0.77 H     0.59 IPAIR        1 NAME(ICM)     16060 GAMMA   0.000 STEP(ICM)   3.8E-06 NPERT    1 NB(ICM)   97

 END KSREG   TIME[NB] 7.6431579590E+00 NAME(I1)        60 NAME(I2)      6552 M(I1)[M*]    8.647 M(I2)[M*]    0.296 DTAU   0.038 R12[NB]  1.0E-03 RI[NB]   0.77 H     0.59 IPAIR        1 NAME(ICM)     16060 GAMMA   0.000 STEP(I1)    4.0E-05 NPERT    1 NB(ICM)   88

 NEW KSREG   TIME[NB] 7.7806282043E+00 NAME(I1)         9 NAME(I2)       159 M(I1)[M*]   15.426 M(I2)[M*]    4.820 DTAU   0.038 R12[NB]  3.7E-04 RI[NB]   0.77 H     0.78 IPAIR        1 NAME(ICM)     16009 GAMMA   0.000 STEP(ICM)   3.8E-06 NPERT    1 NB(ICM)   71

 END KSREG   TIME[NB] 7.7811279297E+00 NAME(I1)         9 NAME(I2)       159 M(I1)[M*]   15.426 M(I2)[M*]    4.820 DTAU   0.021 R12[NB]  1.2E-03 RI[NB]   0.77 H     0.78 IPAIR        1 NAME(ICM)     16009 GAMMA   0.000 STEP(I1)    2.6E-05 NPERT    1 NB(ICM)   59

 NEW KSREG   TIME[NB] 7.9266090393E+00 NAME(I1)      6396 NAME(I2)     10838 M(I1)[M*]    0.305 M(I2)[M*]    0.153 DTAU   0.079 R12[NB]  1.6E-04 RI[NB]   0.25 H     0.79 IPAIR        1 NAME(ICM)     22396 GAMMA   0.000 STEP(ICM)   3.8E-06 NPERT    8 NB(ICM)   90

 END KSREG   TIME[NB] 7.9274291992E+00 NAME(I1)      6396 NAME(I2)     10838 M(I1)[M*]    0.305 M(I2)[M*]    0.153 DTAU   0.031 R12[NB]  1.0E-03 RI[NB]   0.25 H     0.79 IPAIR        1 NAME(ICM)     22396 GAMMA   0.000 STEP(I1)    3.2E-05 NPERT    8 NB(ICM)   85

           TIME   M/MT:  1.00D-03  3.00D-03  5.00D-03  1.00D-02  3.00D-02  5.00D-02  1.00D-01  2.00D-01  3.00D-01  4.00D-01  5.00D-01  6.00D-01  7.00D-01  8.00D-01  9.00D-01  9.50D-01  9.90D-01  1.00D+00       <RC
     0.8000D+01 RLAGR:   4.67D-02  8.14D-02  9.67D-02  1.23D-01  1.93D-01  2.21D-01  3.08D-01  4.30D-01  5.34D-01  6.44D-01  7.67D-01  9.33D-01  1.15D+00  1.48D+00  2.18D+00  2.96D+00  4.86D+00  8.77D+00  3.27D-01
     0.8000D+01 AVMASS:  4.05D-04  7.94D-05  8.95D-05  8.34D-05  6.75D-05  7.75D-05  6.84D-05  6.64D-05  6.54D-05  6.53D-05  6.56D-05  6.45D-05  6.40D-05  6.36D-05  6.26D-05  6.25D-05  6.25D-05  6.25D-05  6.87D-05
     0.8000D+01 NPARTC:         4        38        57       120       446       659      1462      3011      4587      6133      7621      9300     10943     12581     14402     15208     15838     16000      1698

 ADJUST:  TIME    8.00000D+00  T[Myr]    1.34  Q 0.50  DE   2.001E-06 DELTA   5.011E-07 DETOT   4.918E-07 E  -2.500E-01 EKIN   2.504E-01 POT   5.004E-01 ETIDE   4.533E-05 ETOT  -2.500E-01 EBIN   0.000E+00 EMERGE   0.000E+00 ESUB   0.000E+00 ECOLL   0.000E+00 EMDOT  -6.343E-06 ECDOT   0.000E+00

  RMIN = 5.0E-04  DTMIN = 4.0E-06 RHOM = 5.3E+01 RSCALE = 7.7E-01 RSMIN = 8.5E-02  ECLOSE = 1.00  TC =    2
  PE       N        Total     Inti.    Intgrt      Reg.      Irr.     Pred.   Init.B.      Mdot      Move   Comm.I.   Comm.R.   Send.I.   Send.R.        KS    Adjust     OUT      Barr.   Barr.I.   Barr.R. Reg.GPU.S Reg.GPU.P Comm.Adj. Mdot.Fic.  Mdot.Fc. Mdot.Pot.  Mdot.EC.   Sort.B.    HighV  KS.Init.B  KS.Int.S  KS.Int.P  KS.Comm.  KS.Barr.   KS.Move   KS.Cmb. KS.Insert  KS.Init.  KS.Term.     Hiar.     KS.UP   KS.TP      xtsub1       xtsub2
   2   16000     31.89246      0.94     28.95      7.48     11.93      0.20      1.16      0.01      3.20      1.18      1.61      1.08      0.79      0.51      1.71      0.01      0.25      0.22      0.02      0.47      7.00      0.00      0.00      0.00      0.00      0.00      0.32      0.00      0.00      0.00      0.00      0.00      0.00      0.00      0.00      0.00      0.29      0.19      0.01      0.00      0.00  6.99872D+09  9.26359D+09


 TIME[NB]    8.000000E+00  N    16000  <NB>    60  NPAIRS       0  NMERGE     0 MULT    0 NS    16000  NSTEP(I,B,R,U)       5854786          665       591868          307  DE    0.200080E-05  E         -0.249963

 NRUN =  1  M# =  9  CPU = 5.31565E-01  TRC = 31.0  DMIN = 4.6E-06 1.0E-05 1.0E+02 1.0E+02  AMIN = 1.0E+02  RMAX = 0.0E+00  RSMIN = 0.08  NEFF =  3042

    <R>  RTIDE  RDENS   RC      NC   MC   RHOD   RHOM  CMAX   <Cn>  Ir/R      UN      NP    RCM    VCM         AZ     EB/E   EM/E   TCR     T6  NESC  VRMS
 #1 0.77  28.2   0.02  0.33   1698  0.117    5.    53.    5.  74.5  0.05       0       0    0.000  0.0000   0.012567 -0.000 -0.000  2.83     1     0   4.7

          NIRRF      NBCORR  NNPRED  NBFULL  NBVOID   NICONV  NLSMIN NBSMIN   NBDIS  NBDIS2  NCMDER  NFAST NBFAST      NBLOCK      NBLCKR    NBFLUX
 #2   236386041      295185     442       0     693      58       0      17       0       0       0      0      0       20440         442   8407366

        NKSTRY     NKSREG     NKSHYP     NKSPER  NKSMOD   NTTRY   NTRIP    NQUAD  NCHAIN     NMERG   NEWHI  NSTEPT  NSTEPQ  NSTEPC
 #3         10         10         10          0       0       0       0        0        0        0       0       0       0       0

        NMDOT NRG  NHE  NRS  NNH  NWD  NSN  NBH  NBS  ZMRG  ZMHE  ZMRS  ZMNH  ZMWD  ZMSN   ZMDOT  NTYPE
 #4       49    0    0    0    0    0    0    0    0   0.0   0.0   0.0   0.0   0.0   0.0     0.1  13474  2526

      NDISS NTIDE  NSYNC  NCOLL  NCOAL  NDD  NCIRC  NROCHE  NRO  NCE  NHYP  NHYPC  NKICK  EBIN   EMERGE  ECOLL  EMDOT  ECDOT  EKICK  ESESC   EBESC  EMESC  DEGRAV   EBIND  MMAX
 #5       0     0      0      0      0    0      0       0    0    0     0      0      0   0.000   0.000   0.000 -0.000  0.000  0.000  0.000   0.000  0.000   0.000  -0.250  19.8
 STEP I       1      2     46     96    183    332    583   3975   5913   3676    809    287     73     22      2
 STEP R      16    262    685   1427   3518   5742   3511    803     36
 Max Speedup Irr:     4 3.98D+00    8 7.88D+00   16 1.54D+01   32 2.96D+01   64 5.43D+01  128 9.36D+01  256 1.42D+02  512 1.94D+02 1024 2.33D+02
 Max Speedup Reg:     4 3.99D+00    8 7.97D+00   16 1.59D+01   32 3.16D+01   64 6.22D+01  128 1.20D+02  256 2.25D+02  512 4.01D+02 1024 6.60D+02

 NEW KSREG   TIME[NB] 8.1003990173E+00 NAME(I1)      3305 NAME(I2)     13291 M(I1)[M*]    0.543 M(I2)[M*]    0.111 DTAU   0.071 R12[NB]  1.9E-04 RI[NB]   0.13 H     1.00 IPAIR        1 NAME(ICM)     19305 GAMMA   0.000 STEP(ICM)   3.8E-06 NPERT   12 NB(ICM)  104

 END KSREG   TIME[NB] 8.1011962891E+00 NAME(I1)      3305 NAME(I2)     13291 M(I1)[M*]    0.543 M(I2)[M*]    0.111 DTAU   0.067 R12[NB]  1.1E-03 RI[NB]   0.13 H     1.00 IPAIR        1 NAME(ICM)     19305 GAMMA   0.000 STEP(I1)    7.5E-05 NPERT   12 NB(ICM)   98

 NEW KSREG   TIME[NB] 8.1427421570E+00 NAME(I1)         9 NAME(I2)      7789 M(I1)[M*]   15.426 M(I2)[M*]    0.241 DTAU   0.046 R12[NB]  4.2E-04 RI[NB]   0.74 H     0.17 IPAIR        1 NAME(ICM)     16009 GAMMA   0.000 STEP(ICM)   3.8E-06 NPERT    1 NB(ICM)  116

 END KSREG   TIME[NB] 8.1433105469E+00 NAME(I1)         9 NAME(I2)      7789 M(I1)[M*]   15.426 M(I2)[M*]    0.241 DTAU   0.029 R12[NB]  1.1E-03 RI[NB]   0.74 H     0.17 IPAIR        1 NAME(ICM)     16009 GAMMA   0.000 STEP(I1)    3.2E-05 NPERT    1 NB(ICM)   97

 NEW KSREG   TIME[NB] 8.1647605896E+00 NAME(I1)       826 NAME(I2)      3199 M(I1)[M*]    1.550 M(I2)[M*]    0.555 DTAU   0.059 R12[NB]  2.8E-04 RI[NB]   0.51 H     1.45 IPAIR        1 NAME(ICM)     16826 GAMMA   0.000 STEP(ICM)   3.8E-06 NPERT    1 NB(ICM)   92

 END KSREG   TIME[NB] 8.1654663086E+00 NAME(I1)       826 NAME(I2)      3199 M(I1)[M*]    1.550 M(I2)[M*]    0.555 DTAU   0.059 R12[NB]  1.1E-03 RI[NB]   0.51 H     1.45 IPAIR        1 NAME(ICM)     16826 GAMMA   0.000 STEP(I1)    6.8E-05 NPERT    1 NB(ICM)   85

 NEW KSREG   TIME[NB] 8.1668205261E+00 NAME(I1)      2553 NAME(I2)      2607 M(I1)[M*]    0.656 M(I2)[M*]    0.647 DTAU   0.051 R12[NB]  2.4E-04 RI[NB]   0.35 H     1.91 IPAIR        1 NAME(ICM)     18553 GAMMA   0.000 STEP(ICM)   3.8E-06 NPERT    3 NB(ICM)  110

 END KSREG   TIME[NB] 8.1674194336E+00 NAME(I1)      2553 NAME(I2)      2607 M(I1)[M*]    0.656 M(I2)[M*]    0.647 DTAU   0.050 R12[NB]  1.1E-03 RI[NB]   0.35 H     1.91 IPAIR        1 NAME(ICM)     18553 GAMMA   0.000 STEP(I1)    5.7E-05 NPERT    3 NB(ICM)  104

 NEW KSREG   TIME[NB] 8.2562675476E+00 NAME(I1)       114 NAME(I2)      6483 M(I1)[M*]    6.172 M(I2)[M*]    0.299 DTAU   0.006 R12[NB]  3.3E-04 RI[NB]   0.40 H    -0.01 IPAIR        1 NAME(ICM)     16114 GAMMA   0.000 STEP(ICM)   3.8E-06 NPERT  113 NB(ICM)  113

 END KSREG   TIME[NB] 8.2570190430E+00 NAME(I1)       114 NAME(I2)      6483 M(I1)[M*]    6.172 M(I2)[M*]    0.299 DTAU   0.035 R12[NB]  1.1E-03 RI[NB]   0.40 H    -0.01 IPAIR        1 NAME(ICM)     16114 GAMMA   0.000 STEP(I1)    3.8E-05 NPERT  113 NB(ICM)   98

 NEW KSREG   TIME[NB] 8.2809944153E+00 NAME(I1)       175 NAME(I2)       295 M(I1)[M*]    4.511 M(I2)[M*]    3.189 DTAU   0.062 R12[NB]  3.8E-04 RI[NB]   0.41 H     1.29 IPAIR        1 NAME(ICM)     16175 GAMMA   0.000 STEP(ICM)   3.8E-06 NPERT    1 NB(ICM)  111

 END KSREG   TIME[NB] 8.2815551758E+00 NAME(I1)       175 NAME(I2)       295 M(I1)[M*]    4.511 M(I2)[M*]    3.189 DTAU   0.062 R12[NB]  1.1E-03 RI[NB]   0.41 H     1.29 IPAIR        1 NAME(ICM)     16175 GAMMA   0.000 STEP(I1)    7.0E-05 NPERT    1 NB(ICM)   96

 NEW KSREG   TIME[NB] 8.3252220154E+00 NAME(I1)         9 NAME(I2)     15040 M(I1)[M*]   15.424 M(I2)[M*]    0.089 DTAU   0.045 R12[NB]  4.0E-04 RI[NB]   0.67 H     0.04 IPAIR        1 NAME(ICM)     16009 GAMMA   0.000 STEP(ICM)   3.8E-06 NPERT    1 NB(ICM)  119

 END KSREG   TIME[NB] 8.3258056641E+00 NAME(I1)         9 NAME(I2)     15040 M(I1)[M*]   15.424 M(I2)[M*]    0.089 DTAU   0.028 R12[NB]  1.1E-03 RI[NB]   0.67 H     0.04 IPAIR        1 NAME(ICM)     16009 GAMMA   0.000 STEP(I1)    3.1E-05 NPERT    1 NB(ICM)  108

 NEW KSREG   TIME[NB] 8.4991722107E+00 NAME(I1)      5011 NAME(I2)      9738 M(I1)[M*]    0.392 M(I2)[M*]    0.180 DTAU   0.141 R12[NB]  1.4E-04 RI[NB]   0.58 H     0.16 IPAIR        1 NAME(ICM)     21011 GAMMA   0.000 STEP(ICM)   3.8E-06 NPERT    7 NB(ICM)   90

 END KSREG   TIME[NB] 8.5006103516E+00 NAME(I1)      5011 NAME(I2)      9738 M(I1)[M*]    0.392 M(I2)[M*]    0.180 DTAU   0.047 R12[NB]  1.0E-03 RI[NB]   0.58 H     0.16 IPAIR        1 NAME(ICM)     21011 GAMMA   0.000 STEP(I1)    4.9E-05 NPERT    7 NB(ICM)   83

 NEW KSREG   TIME[NB] 8.5765419006E+00 NAME(I1)      2689 NAME(I2)     10496 M(I1)[M*]    0.635 M(I2)[M*]    0.161 DTAU   0.120 R12[NB]  1.4E-04 RI[NB]   0.52 H     0.28 IPAIR        1 NAME(ICM)     18689 GAMMA   0.000 STEP(ICM)   3.8E-06 NPERT    2 NB(ICM)  129

 END KSREG   TIME[NB] 8.5776977539E+00 NAME(I1)      2689 NAME(I2)     10496 M(I1)[M*]    0.635 M(I2)[M*]    0.161 DTAU   0.044 R12[NB]  1.0E-03 RI[NB]   0.52 H     0.28 IPAIR        1 NAME(ICM)     18689 GAMMA   0.000 STEP(I1)    4.7E-05 NPERT    2 NB(ICM)  120

 NEW KSREG   TIME[NB] 8.5955009460E+00 NAME(I1)     13939 NAME(I2)     15813 M(I1)[M*]    0.102 M(I2)[M*]    0.082 DTAU   0.075 R12[NB]  1.7E-04 RI[NB]   0.19 H     0.89 IPAIR        1 NAME(ICM)     29939 GAMMA   0.000 STEP(ICM)   3.8E-06 NPERT   28 NB(ICM)  106

 END KSREG   TIME[NB] 8.5963745117E+00 NAME(I1)     13939 NAME(I2)     15813 M(I1)[M*]    0.102 M(I2)[M*]    0.082 DTAU   0.026 R12[NB]  1.0E-03 RI[NB]   0.19 H     0.89 IPAIR        1 NAME(ICM)     29939 GAMMA   0.001 STEP(I1)    2.8E-05 NPERT   28 NB(ICM)   97

 NEW KSREG   TIME[NB] 8.6472892761E+00 NAME(I1)      5749 NAME(I2)     12099 M(I1)[M*]    0.344 M(I2)[M*]    0.130 DTAU   0.069 R12[NB]  1.8E-04 RI[NB]   0.32 H     1.05 IPAIR        1 NAME(ICM)     21749 GAMMA   0.000 STEP(ICM)   3.8E-06 NPERT   11 NB(ICM)  102

 END KSREG   TIME[NB] 8.6480102539E+00 NAME(I1)      5749 NAME(I2)     12099 M(I1)[M*]    0.344 M(I2)[M*]    0.130 DTAU   0.068 R12[NB]  1.1E-03 RI[NB]   0.32 H     1.05 IPAIR        1 NAME(ICM)     21749 GAMMA   0.000 STEP(I1)    7.5E-05 NPERT   11 NB(ICM)   94

 NEW KSREG   TIME[NB] 8.8570671082E+00 NAME(I1)       266 NAME(I2)       325 M(I1)[M*]    3.369 M(I2)[M*]    3.013 DTAU   0.067 R12[NB]  3.6E-04 RI[NB]   0.28 H     0.62 IPAIR        1 NAME(ICM)     16266 GAMMA   0.000 STEP(ICM)   3.8E-06 NPERT    3 NB(ICM)   85

 END KSREG   TIME[NB] 8.8576354980E+00 NAME(I1)       266 NAME(I2)       325 M(I1)[M*]    3.369 M(I2)[M*]    3.013 DTAU   0.039 R12[NB]  1.0E-03 RI[NB]   0.28 H     0.62 IPAIR        1 NAME(ICM)     16266 GAMMA   0.000 STEP(I1)    4.1E-05 NPERT    3 NB(ICM)   76

 NEW KSREG   TIME[NB] 8.8622398376E+00 NAME(I1)      1685 NAME(I2)      3944 M(I1)[M*]    0.892 M(I2)[M*]    0.477 DTAU   0.110 R12[NB]  2.1E-04 RI[NB]   0.61 H     0.06 IPAIR        1 NAME(ICM)     17685 GAMMA   0.000 STEP(ICM)   3.8E-06 NPERT    1 NB(ICM)   75

 END KSREG   TIME[NB] 8.8634643555E+00 NAME(I1)      1685 NAME(I2)      3944 M(I1)[M*]    0.892 M(I2)[M*]    0.477 DTAU   0.050 R12[NB]  1.0E-03 RI[NB]   0.61 H     0.06 IPAIR        1 NAME(ICM)     17685 GAMMA   0.000 STEP(I1)    5.1E-05 NPERT    1 NB(ICM)   69

 NEW KSREG   TIME[NB] 8.8878822327E+00 NAME(I1)     10471 NAME(I2)     11281 M(I1)[M*]    0.162 M(I2)[M*]    0.145 DTAU   0.076 R12[NB]  1.6E-04 RI[NB]   0.61 H     0.86 IPAIR        1 NAME(ICM)     26471 GAMMA   0.000 STEP(ICM)   3.8E-06 NPERT    5 NB(ICM)   89

 END KSREG   TIME[NB] 8.8886413574E+00 NAME(I1)     10471 NAME(I2)     11281 M(I1)[M*]    0.162 M(I2)[M*]    0.145 DTAU   0.030 R12[NB]  1.0E-03 RI[NB]   0.61 H     0.86 IPAIR        1 NAME(ICM)     26471 GAMMA   0.000 STEP(I1)    3.0E-05 NPERT    5 NB(ICM)   82

           TIME   M/MT:  1.00D-03  3.00D-03  5.00D-03  1.00D-02  3.00D-02  5.00D-02  1.00D-01  2.00D-01  3.00D-01  4.00D-01  5.00D-01  6.00D-01  7.00D-01  8.00D-01  9.00D-01  9.50D-01  9.90D-01  1.00D+00       <RC
     0.9000D+01 RLAGR:   6.47D-02  7.70D-02  9.07D-02  1.09D-01  1.68D-01  2.16D-01  2.92D-01  4.12D-01  5.16D-01  6.46D-01  7.71D-01  9.30D-01  1.13D+00  1.47D+00  2.18D+00  3.01D+00  4.92D+00  1.07D+01  2.99D-01
     0.9000D+01 AVMASS:  7.21D-05  1.13D-04  1.03D-04  1.18D-04  1.12D-04  9.13D-05  8.17D-05  7.53D-05  7.21D-05  6.69D-05  6.57D-05  6.48D-05  6.44D-05  6.37D-05  6.26D-05  6.24D-05  6.25D-05  6.25D-05  8.24D-05
     0.9000D+01 NPARTC:        20        35        51        88       277       551      1225      2658      4163      5983      7608      9259     10877     12595     14370     15218     15840     16000      1302

 ADJUST:  TIME    9.00000D+00  T[Myr]    1.51  Q 0.51  DE  -9.721E-10 DELTA  -2.504E-10 DETOT   4.915E-07 E  -2.500E-01 EKIN   2.576E-01 POT   5.076E-01 ETIDE   4.639E-05 ETOT  -2.500E-01 EBIN   0.000E+00 EMERGE   0.000E+00 ESUB   0.000E+00 ECOLL   0.000E+00 EMDOT  -7.509E-06 ECDOT   0.000E+00

  RMIN = 5.0E-04  DTMIN = 4.0E-06 RHOM = 4.5E+01 RSCALE = 7.7E-01 RSMIN = 8.3E-02  ECLOSE = 1.00  TC =    3
  PE       N        Total     Inti.    Intgrt      Reg.      Irr.     Pred.   Init.B.      Mdot      Move   Comm.I.   Comm.R.   Send.I.   Send.R.        KS    Adjust     OUT      Barr.   Barr.I.   Barr.R. Reg.GPU.S Reg.GPU.P Comm.Adj. Mdot.Fic.  Mdot.Fc. Mdot.Pot.  Mdot.EC.   Sort.B.    HighV  KS.Init.B  KS.Int.S  KS.Int.P  KS.Comm.  KS.Barr.   KS.Move   KS.Cmb. KS.Insert  KS.Init.  KS.Term.     Hiar.     KS.UP   KS.TP      xtsub1       xtsub2
   2   16000     35.79317      0.94     32.56      8.38     13.43      0.23      1.29      0.01      3.60      1.32      1.78      1.24      0.89      0.62      1.89      0.01      0.30      0.27      0.02      0.54      7.82      0.00      0.00      0.00      0.00      0.00      0.36      0.00      0.00      0.01      0.00      0.00      0.00      0.00      0.00      0.00      0.35      0.23      0.01      0.00      0.00  7.86366D+09  1.03920D+10


 TIME[NB]    9.000000E+00  N    16000  <NB>    58  NPAIRS       0  NMERGE     0 MULT    0 NS    16000  NSTEP(I,B,R,U)       5792911          813       589484          543  DE   -0.972101E-09  E         -0.249963

 NRUN =  1  M# = 10  CPU = 5.96577E-01  TRC = 17.7  DMIN = 4.6E-06 8.9E-06 1.0E+02 1.0E+02  AMIN = 1.0E+02  RMAX = 0.0E+00  RSMIN = 0.08  NEFF =  3042

    <R>  RTIDE  RDENS   RC      NC   MC   RHOD   RHOM  CMAX   <Cn>  Ir/R      UN      NP    RCM    VCM         AZ     EB/E   EM/E   TCR     T6  NESC  VRMS
 #1 0.77  28.2   0.03  0.30   1302  0.107    7.    45.    4.  72.2  0.04       0       0    0.000  0.0000   0.012568 -0.000 -0.000  2.83     1     0   4.7

          NIRRF      NBCORR  NNPRED  NBFULL  NBVOID   NICONV  NLSMIN NBSMIN   NBDIS  NBDIS2  NCMDER  NFAST NBFAST      NBLOCK      NBLCKR    NBFLUX
 #2   231671462      293320     470       0     634      30       0       0       0       0       0      0      0       21108         470   8215197

        NKSTRY     NKSREG     NKSHYP     NKSPER  NKSMOD   NTTRY   NTRIP    NQUAD  NCHAIN     NMERG   NEWHI  NSTEPT  NSTEPQ  NSTEPC
 #3         14         14         13          0       0       0       0        0        0        0       0       0       0       0

        NMDOT NRG  NHE  NRS  NNH  NWD  NSN  NBH  NBS  ZMRG  ZMHE  ZMRS  ZMNH  ZMWD  ZMSN   ZMDOT  NTYPE
 #4       63    0    0    0    0    0    0    0    0   0.0   0.0   0.0   0.0   0.0   0.0     0.1  13474  2526

      NDISS NTIDE  NSYNC  NCOLL  NCOAL  NDD  NCIRC  NROCHE  NRO  NCE  NHYP  NHYPC  NKICK  EBIN   EMERGE  ECOLL  EMDOT  ECDOT  EKICK  ESESC   EBESC  EMESC  DEGRAV   EBIND  MMAX
 #5       0     0      0      0      0    0      0       0    0    0     0      0      0   0.000   0.000   0.000 -0.000  0.000  0.000  0.000   0.000  0.000   0.000  -0.250  19.8
 STEP I       1      3     46     96    180    322    611   4199   5877   3614    736    236     61     14      2      2
 STEP R      25    252    684   1434   3420   5778   3559    812     35      1
 Max Speedup Irr:     4 3.98D+00    8 7.88D+00   16 1.54D+01   32 2.96D+01   64 5.42D+01  128 9.35D+01  256 1.42D+02  512 1.94D+02 1024 2.32D+02
 Max Speedup Reg:     4 3.99D+00    8 7.97D+00   16 1.59D+01   32 3.15D+01   64 6.21D+01  128 1.20D+02  256 2.24D+02  512 3.98D+02 1024 6.54D+02

 NEW KSREG   TIME[NB] 9.0816459656E+00 NAME(I1)       228 NAME(I2)      2044 M(I1)[M*]    3.742 M(I2)[M*]    0.774 DTAU   0.070 R12[NB]  2.8E-04 RI[NB]   0.70 H     0.20 IPAIR        1 NAME(ICM)     16228 GAMMA   0.000 STEP(ICM)   3.8E-06 NPERT    1 NB(ICM)   82

 END KSREG   TIME[NB] 9.0824584961E+00 NAME(I1)       228 NAME(I2)      2044 M(I1)[M*]    3.742 M(I2)[M*]    0.774 DTAU   0.036 R12[NB]  1.0E-03 RI[NB]   0.70 H     0.20 IPAIR        1 NAME(ICM)     16228 GAMMA   0.000 STEP(I1)    3.8E-05 NPERT    1 NB(ICM)   79

 NEW KSREG   TIME[NB] 9.2579994202E+00 NAME(I1)      9007 NAME(I2)     11450 M(I1)[M*]    0.201 M(I2)[M*]    0.141 DTAU   0.072 R12[NB]  1.8E-04 RI[NB]   0.33 H     0.97 IPAIR        1 NAME(ICM)     25007 GAMMA   0.000 STEP(ICM)   3.8E-06 NPERT   11 NB(ICM)   85

 END KSREG   TIME[NB] 9.2587890625E+00 NAME(I1)      9007 NAME(I2)     11450 M(I1)[M*]    0.201 M(I2)[M*]    0.141 DTAU   0.029 R12[NB]  1.0E-03 RI[NB]   0.33 H     0.97 IPAIR        1 NAME(ICM)     25007 GAMMA   0.000 STEP(I1)    3.0E-05 NPERT   11 NB(ICM)   83

 NEW KSREG   TIME[NB] 9.2727012634E+00 NAME(I1)       665 NAME(I2)      6162 M(I1)[M*]    1.821 M(I2)[M*]    0.318 DTAU   0.080 R12[NB]  1.7E-04 RI[NB]   1.00 H     0.15 IPAIR        1 NAME(ICM)     16665 GAMMA   0.000 STEP(ICM)   3.8E-06 NPERT    1 NB(ICM)   20

 NEW KSREG   TIME[NB] 9.2730140686E+00 NAME(I1)       116 NAME(I2)     11987 M(I1)[M*]    6.122 M(I2)[M*]    0.132 DTAU   0.065 R12[NB]  3.4E-04 RI[NB]   0.44 H     0.46 IPAIR        2 NAME(ICM)     16116 GAMMA   0.000 STEP(ICM)   3.8E-06 NPERT    1 NB(ICM)  107

 END KSREG   TIME[NB] 9.2736816406E+00 NAME(I1)       116 NAME(I2)     11987 M(I1)[M*]    6.122 M(I2)[M*]    0.132 DTAU   0.028 R12[NB]  1.1E-03 RI[NB]   0.44 H     0.46 IPAIR        2 NAME(ICM)     16116 GAMMA   0.001 STEP(I1)    3.1E-05 NPERT    1 NB(ICM)   92

 END KSREG   TIME[NB] 9.2737121582E+00 NAME(I1)       665 NAME(I2)      6162 M(I1)[M*]    1.821 M(I2)[M*]    0.318 DTAU   0.033 R12[NB]  1.0E-03 RI[NB]   1.00 H     0.15 IPAIR        1 NAME(ICM)     16665 GAMMA   0.000 STEP(I1)    3.4E-05 NPERT    1 NB(ICM)   20

 NEW KSREG   TIME[NB] 9.4194602966E+00 NAME(I1)       741 NAME(I2)      9569 M(I1)[M*]    1.693 M(I2)[M*]    0.185 DTAU   0.060 R12[NB]  2.6E-04 RI[NB]   0.35 H     1.37 IPAIR        1 NAME(ICM)     16741 GAMMA   0.000 STEP(ICM)   3.8E-06 NPERT    3 NB(ICM)  129

 END KSREG   TIME[NB] 9.4201660156E+00 NAME(I1)       741 NAME(I2)      9569 M(I1)[M*]    1.693 M(I2)[M*]    0.185 DTAU   0.060 R12[NB]  1.1E-03 RI[NB]   0.35 H     1.37 IPAIR        1 NAME(ICM)     16741 GAMMA   0.000 STEP(I1)    6.9E-05 NPERT    3 NB(ICM)  119

 NEW KSREG   TIME[NB] 9.4347190857E+00 NAME(I1)       231 NAME(I2)      1265 M(I1)[M*]    3.699 M(I2)[M*]    1.106 DTAU   0.047 R12[NB]  4.1E-04 RI[NB]   0.36 H     2.24 IPAIR        1 NAME(ICM)     16231 GAMMA   0.000 STEP(ICM)   3.8E-06 NPERT    1 NB(ICM)  105

 END KSREG   TIME[NB] 9.4352416992E+00 NAME(I1)       231 NAME(I2)      1265 M(I1)[M*]    3.699 M(I2)[M*]    1.106 DTAU   0.047 R12[NB]  1.1E-03 RI[NB]   0.36 H     2.24 IPAIR        1 NAME(ICM)     16231 GAMMA   0.000 STEP(I1)    5.2E-05 NPERT    1 NB(ICM)   99

 NEW KSREG   TIME[NB] 9.8500785828E+00 NAME(I1)       108 NAME(I2)     12609 M(I1)[M*]    6.484 M(I2)[M*]    0.122 DTAU   0.070 R12[NB]  2.8E-04 RI[NB]   0.55 H     1.03 IPAIR        1 NAME(ICM)     16108 GAMMA   0.000 STEP(ICM)   3.8E-06 NPERT    1 NB(ICM)   87

 END KSREG   TIME[NB] 9.8507080078E+00 NAME(I1)       108 NAME(I2)     12609 M(I1)[M*]    6.484 M(I2)[M*]    0.122 DTAU   0.069 R12[NB]  1.2E-03 RI[NB]   0.55 H     1.03 IPAIR        1 NAME(ICM)     16108 GAMMA   0.000 STEP(I1)    8.8E-05 NPERT    1 NB(ICM)   80

 NEW KSREG   TIME[NB] 9.9068565369E+00 NAME(I1)      2202 NAME(I2)     13245 M(I1)[M*]    0.732 M(I2)[M*]    0.112 DTAU   0.120 R12[NB]  1.8E-04 RI[NB]   0.39 H     0.35 IPAIR        1 NAME(ICM)     18202 GAMMA   0.000 STEP(ICM)   3.8E-06 NPERT    3 NB(ICM)   95

 END KSREG   TIME[NB] 9.9079284668E+00 NAME(I1)      2202 NAME(I2)     13245 M(I1)[M*]    0.732 M(I2)[M*]    0.112 DTAU   0.047 R12[NB]  1.0E-03 RI[NB]   0.39 H     0.35 IPAIR        1 NAME(ICM)     18202 GAMMA   0.000 STEP(I1)    4.9E-05 NPERT    3 NB(ICM)   86

 NEW KSREG   TIME[NB] 9.9843635559E+00 NAME(I1)      1611 NAME(I2)        19 M(I1)[M*]    0.926 M(I2)[M*]   13.140 DTAU   0.046 R12[NB]  3.7E-04 RI[NB]   0.31 H     0.33 IPAIR        1 NAME(ICM)     17611 GAMMA   0.000 STEP(ICM)   3.8E-06 NPERT    1 NB(ICM)   80

 END KSREG   TIME[NB] 9.9849243164E+00 NAME(I1)      1611 NAME(I2)        19 M(I1)[M*]    0.926 M(I2)[M*]   13.140 DTAU   0.028 R12[NB]  1.0E-03 RI[NB]   0.31 H     0.33 IPAIR        1 NAME(ICM)     17611 GAMMA   0.000 STEP(I1)    2.9E-05 NPERT    1 NB(ICM)   76

 NEW KSREG   TIME[NB] 9.9893302917E+00 NAME(I1)      1611 NAME(I2)     14831 M(I1)[M*]    0.926 M(I2)[M*]    0.092 DTAU   0.052 R12[NB]  2.1E-04 RI[NB]   0.30 H     1.42 IPAIR        1 NAME(ICM)     17611 GAMMA   0.000 STEP(ICM)   3.8E-06 NPERT    4 NB(ICM)   79

 END KSREG   TIME[NB] 9.9897460938E+00 NAME(I1)      1611 NAME(I2)     14831 M(I1)[M*]    0.926 M(I2)[M*]    0.092 DTAU   0.024 R12[NB]  6.5E-04 RI[NB]   0.30 H     1.42 IPAIR        1 NAME(ICM)     17611 GAMMA   0.015 STEP(I1)    1.6E-05 NPERT    4 NB(ICM)   82

           TIME   M/MT:  1.00D-03  3.00D-03  5.00D-03  1.00D-02  3.00D-02  5.00D-02  1.00D-01  2.00D-01  3.00D-01  4.00D-01  5.00D-01  6.00D-01  7.00D-01  8.00D-01  9.00D-01  9.50D-01  9.90D-01  1.00D+00       <RC
     0.1000D+02 RLAGR:   4.62D-02  8.15D-02  1.05D-01  1.30D-01  1.81D-01  2.17D-01  2.96D-01  4.17D-01  5.30D-01  6.48D-01  7.67D-01  9.15D-01  1.14D+00  1.48D+00  2.12D+00  3.03D+00  4.87D+00  1.26D+01  3.15D-01
     0.1000D+02 AVMASS:  1.26D-04  7.76D-05  5.76D-05  5.88D-05  8.13D-05  8.30D-05  7.34D-05  7.09D-05  6.79D-05  6.61D-05  6.65D-05  6.53D-05  6.39D-05  6.32D-05  6.30D-05  6.24D-05  6.26D-05  6.25D-05  7.50D-05
     0.1000D+02 NPARTC:         8        39        89       174       369       603      1362      2822      4424      6048      7520      9185     10964     12661     14291     15215     15823     16000      1560

 ADJUST:  TIME    1.00000D+01  T[Myr]    1.68  Q 0.51  DE   3.505E-07 DELTA   8.957E-08 DETOT   5.811E-07 E  -2.500E-01 EKIN   2.556E-01 POT   5.056E-01 ETIDE   4.754E-05 ETOT  -2.500E-01 EBIN   0.000E+00 EMERGE   0.000E+00 ESUB   0.000E+00 ECOLL   0.000E+00 EMDOT  -8.881E-06 ECDOT   0.000E+00

  RMIN = 5.0E-04  DTMIN = 4.0E-06 RHOM = 5.5E+01 RSCALE = 7.7E-01 RSMIN = 8.0E-02  ECLOSE = 1.00  TC =    3
  PE       N        Total     Inti.    Intgrt      Reg.      Irr.     Pred.   Init.B.      Mdot      Move   Comm.I.   Comm.R.   Send.I.   Send.R.        KS    Adjust     OUT      Barr.   Barr.I.   Barr.R. Reg.GPU.S Reg.GPU.P Comm.Adj. Mdot.Fic.  Mdot.Fc. Mdot.Pot.  Mdot.EC.   Sort.B.    HighV  KS.Init.B  KS.Int.S  KS.Int.P  KS.Comm.  KS.Barr.   KS.Move   KS.Cmb. KS.Insert  KS.Init.  KS.Term.     Hiar.     KS.UP   KS.TP      xtsub1       xtsub2
   2   16000     39.66625      0.94     36.18      9.31     14.92      0.25      1.42      0.01      4.00      1.49      1.95      1.39      1.00      0.70      2.08      0.01      0.33      0.30      0.03      0.62      8.67      0.00      0.00      0.00      0.00      0.00      0.39      0.00      0.00      0.01      0.00      0.00      0.00      0.00      0.00      0.00      0.40      0.26      0.01      0.00      0.00  8.73460D+09  1.15308D+10


 TIME[NB]    1.000000E+01  N    16000  <NB>    59  NPAIRS       0  NMERGE     0 MULT    0 NS    16000  NSTEP(I,B,R,U)       5811617          917       596800          376  DE    0.350465E-06  E         -0.249962

 NRUN =  1  M# = 11  CPU = 6.61128E-01  TRC = 25.7  DMIN = 4.6E-06 3.3E-05 1.0E+02 1.0E+02  AMIN = 1.0E+02  RMAX = 0.0E+00  RSMIN = 0.08  NEFF =  3042

    <R>  RTIDE  RDENS   RC      NC   MC   RHOD   RHOM  CMAX   <Cn>  Ir/R      UN      NP    RCM    VCM         AZ     EB/E   EM/E   TCR     T6  NESC  VRMS
 #1 0.77  28.2   0.04  0.31   1560  0.117    6.    55.    5.  73.5  0.04       0       0    0.000  0.0000   0.012567 -0.000 -0.000  2.83     1     0   4.7

          NIRRF      NBCORR  NNPRED  NBFULL  NBVOID   NICONV  NLSMIN NBSMIN   NBDIS  NBDIS2  NCMDER  NFAST NBFAST      NBLOCK      NBLCKR    NBFLUX
 #2   231565237      297958     470       0     622      37       0       0       0       0       0      0      0       21421         470   8267303

        NKSTRY     NKSREG     NKSHYP     NKSPER  NKSMOD   NTTRY   NTRIP    NQUAD  NCHAIN     NMERG   NEWHI  NSTEPT  NSTEPQ  NSTEPC
 #3         10         10         10          0       0       0       0        0        0        0       0       0       0       0

        NMDOT NRG  NHE  NRS  NNH  NWD  NSN  NBH  NBS  ZMRG  ZMHE  ZMRS  ZMNH  ZMWD  ZMSN   ZMDOT  NTYPE
 #4       83    0    0    0    0    0    0    0    0   0.0   0.0   0.0   0.0   0.0   0.0     0.1  13474  2526

      NDISS NTIDE  NSYNC  NCOLL  NCOAL  NDD  NCIRC  NROCHE  NRO  NCE  NHYP  NHYPC  NKICK  EBIN   EMERGE  ECOLL  EMDOT  ECDOT  EKICK  ESESC   EBESC  EMESC  DEGRAV   EBIND  MMAX
 #5       0     0      0      0      0    0      0       0    0    0     0      0      0   0.000   0.000   0.000 -0.000  0.000  0.000  0.000   0.000  0.000   0.000  -0.250  19.8
 STEP I       1      4     47     92    212    326    610   4005   5828   3736    823    232     67      9      8
 STEP R      31    261    696   1321   3411   5855   3638    743     44
 Max Speedup Irr:     4 3.98D+00    8 7.88D+00   16 1.54D+01   32 2.96D+01   64 5.42D+01  128 9.33D+01  256 1.41D+02  512 1.93D+02 1024 2.31D+02
 Max Speedup Reg:     4 3.99D+00    8 7.97D+00   16 1.59D+01   32 3.15D+01   64 6.21D+01  128 1.20D+02  256 2.23D+02  512 3.97D+02 1024 6.50D+02


         END RUN    TIME[Myr] =    1.68  TOFF/TIME/TTOT=      0.00000000     10.00000000     10.00000000  CPUTOT =    0.7  ERRTOT = 2.31379D-06  DETOT = 5.81085D-07


        0 INTEGRATION INTERVAL =   10.00    NIRR=          0 NIRRB=        917 NREG=          0 NKS=          0


          PER TIME UNIT: NIRR= 0.00000D+00 NIRRB= 9.17000D+01 NREG= 0.00000D+00 NKS= 0.00000D+00
  Total CPU=   39.834723025560379     
