--------------------------------------------------------------------------
[[13684,1],0]: A high-performance Open MPI point-to-point messaging module
was unable to find any relevant network interfaces:

Module: OpenFabrics (openib)
  Host: wn14

Another transport will be used instead, although this may result in
lower performance.
--------------------------------------------------------------------------
MPI-initial: This is rank=     0 size=     1 group=          2
 RANK:            0  OpenMP Number of Threads:            4
  MPI: iserreg,isernb,iserks,ithread=         160         160         640           8





               N  NFIX  NCRIT  NRAND  NNBOPT  NRUN NCOMM

           16000     1     10 196409     100     1    10


             ETAI      ETAR      RS0       DTADJ     DELTAT     TCRITP    TCRIT     QE        RBAR       ZMBAR

             2.0E-02   2.0E-02   1.0E-01   1.0E+00   1.0E+00   1.0E+06   1.0E+01   2.0E-05   1.0E+00   7.0E-01


            OPTIONS

           1  2  3  4  5  6  7  8  9 10 11 12 13 14 15 16 17 18 19 20 21 22 23 24 25 26 27 28 29 30 31 32 33 34 35 36 37 38 39 40 41 42 43 44 45 46 47 48 49 50

           0  0  0  0  1  0  0  0  0  2  0  0  0  0  0  0  0  0  0  0  1  0  0  0  0  1  0  0  0  0  1  0  2  0  0  0  2  1  0  0  0  0  0  0  0  0  0  0  0  0


            DTMIN     RMIN      ETAU      ECLOSE    GMIN      GMAX     SMAX

            1.0E-05   1.0E-06   1.0E-01   1.0E+00   1.0E-06   1.0E-02   1.0E+00


          Central massive black hole: CMBH, EPS_bh, raccr

                               1.0E-01   0.0E+00   3.0E-04


          Accretion disk: OFF


          External potential: OFF

             ALPHAS = 2.35  BODY1 = 20.0  BODYN = 0.08 ZMASS = 1.60000E+04 NBIN0 =       0 NHI0 =    0 ZMET = 0.0010 EPOCH0 = 0.00
  Energies Absolute Scale    4110.5593191890712       0.51027345139206115     
  Energies per mass    4110.5593191890712       0.51027345139206115     


            SCALING:   SX =  9.79867E-01  E = -2.55E-01  M(1) = 4.72E-03  M(N) = 1.89E-05  <M> = 6.25E-05  Q =   0.50000

            TIME SCALES:   TRH = 3.2E+02  TCR = 2.8E+00  2<R>/<V> = 2.8E+00


            PHYSICAL SCALING:    R* =   1.000000000000E+00  M* =   1.120000000000E+04  V* =   6.940463530098E+00  T* =   1.411404564303E-01  <M> =   7.000000000000E-01  SU =   4.436632063264E+07

            GR SCALING:    V* =  6.94E+00  C =  4.32E+04  RZ =  2.01E-13

 Fpoly0 + Neighbor List Timing:        0.128343

            WARNING!   SMALL NEIGHBOUR NUMBERS   <NNB> = 32.6

 ADJUST:  TIME    0.00000D+00  T[Myr]    0.00  Q 0.38  DE   0.000E+00 DELTA   0.000E+00 DETOT   0.000E+00 E  -2.500E-01 EKIN   2.500E-01 POT   5.000E-01 ETIDE   0.000E+00 ETOT  -4.147E-01 EBIN   0.000E+00 EMERGE   0.000E+00 ESUB   0.000E+00 ECOLL   0.000E+00 EMDOT   0.000E+00 ECDOT   0.000E+00 EBLCKHL  -1.647E-01 E_CORR   0.000E+00 Ediss   0.000E+00

  RMIN = 1.0E-06  DTMIN = 1.0E-05 RHOM = 1.1E+02 RSCALE = 1.0E+00 RSMIN = 1.0E-01  ECLOSE = 1.00  TC =    0
  PE       N        Total     Inti.    Intgrt      Reg.      Irr.      Tbh.     Tdrag.    Taccr.      Pred.   Init.B.      Mdot      Move   Comm.I.   Comm.R.   Send.I.   Send.R.        KS    Adjust     OUT      Barr.   Barr.I.   Barr.R. Reg.GPU.S Reg.GPU.P Comm.Adj. Mdot.Fic.  Mdot.Fc. Mdot.Pot.  Mdot.EC.   Sort.B.    HighV  KS.Init.B  KS.Int.S  KS.Int.P  KS.Comm.  KS.Barr.   KS.Move   KS.Cmb. KS.Insert  KS.Init.  KS.Term.     Hiar.     KS.UP       xtsub1       xtsub2
   1   16000      2.49949      0.00      0.00      0.00      0.00      0.00      0.00      0.00      0.00      0.00      0.00      0.00      0.00      0.00      0.00      0.00      0.00      0.00      0.00      0.00      0.00      0.00      0.00      0.00      0.00      0.00      0.00      0.00      0.00      0.00      0.00      0.00      0.00      0.00      0.00      0.00      0.00      0.00      0.00      0.00      0.00      0.00      0.00  0.00000D+00  0.00000D+00


 TIME[NB]    0.000000E+00  N    16000  <NB>    32  NPAIRS       0  NMERGE     0 MULT    0 NS    16000  NSTEP(I,B,R,U)             0            0            0            0  DE    0.000000E+00  E         -0.414710 M   1.00000000

 NRUN =  1  M# =  0  CPU = 4.16974E-02  TRC = 5.17934E+01  DMIN = 0.1E+03 0.1E+03 0.1E+03 0.1E+03  AMIN = 0.1E+03  RMAX = 0.0E+00  RSMIN = 0.10  NEFF =  2330

    <R>  RTIDE  RDENS   RC      NC   MC   RHOD   RHOM  CMAX   <Cn>  Ir/R      UN      NP    RCM    VCM         AZ     EB/E   EM/E   TCR     T6  NESC  VRMS
 #1 1.00  10.0   0.02  0.35   2046  0.120    8.   112.   17.  56.3  0.01       0       0    0.000  0.0000   0.000000 -0.000 -0.000  2.83     0     0   4.9

          NIRRF      NBCORR  NNPRED  NBFULL  NBVOID   NICONV  NLSMIN NBSMIN   NBDIS  NBDIS2  NCMDER  NFAST NBFAST      NBLOCK      NBLCKR    NBFLUX
 #2           0           0           0           0           0           0           0           0           0           0           0      0      0           0           0         0

        NKSTRY     NKSREG     NKSHYP     NKSPER  NKSMOD   NTTRY   NTRIP    NQUAD  NCHAIN     NMERG   NEWHI  NSTEPT  NSTEPQ  NSTEPC
 #3          0          0          0          0       0       0       0        0        0        0       0       0       0       0
 STEP I       0      0      0      0      6    166    582   1457   3287   4408   3095   1672    788    319    118     61     29      9      3
 STEP R       0      0      0      0      8    202    664   1726   6008   5975   1225    166     22      4
 Max Speedup Irr:     4 0.00E+00    8 0.00E+00   16 0.00E+00   32 0.00E+00   64 0.00E+00  128 0.00E+00  256 0.00E+00  512 0.00E+00 1024 0.00E+00
 Max Speedup Reg:     4 0.00E+00    8 0.00E+00   16 0.00E+00   32 0.00E+00   64 0.00E+00  128 0.00E+00  256 0.00E+00  512 0.00E+00 1024 0.00E+00

 ADJUST:  TIME    1.00000D+00  T[Myr]    0.14  Q 0.50  DE  -1.317E-06 DELTA  -5.387E-07 DETOT  -5.387E-07 E  -1.867E-01 EKIN   4.089E-01 POT   5.956E-01 ETIDE   0.000E+00 ETOT  -4.147E-01 EBIN   0.000E+00 EMERGE   0.000E+00 ESUB   0.000E+00 ECOLL   0.000E+00 EMDOT   0.000E+00 ECDOT   0.000E+00 EBLCKHL  -2.280E-01 E_CORR   0.000E+00 Ediss   0.000E+00

  RMIN = 1.0E-06  DTMIN = 1.0E-05 RHOM = 2.2E+02 RSCALE = 8.4E-01 RSMIN = 5.4E-02  ECLOSE = 1.00  TC =    0
  PE       N        Total     Inti.    Intgrt      Reg.      Irr.      Tbh.     Tdrag.    Taccr.      Pred.   Init.B.      Mdot      Move   Comm.I.   Comm.R.   Send.I.   Send.R.        KS    Adjust     OUT      Barr.   Barr.I.   Barr.R. Reg.GPU.S Reg.GPU.P Comm.Adj. Mdot.Fic.  Mdot.Fc. Mdot.Pot.  Mdot.EC.   Sort.B.    HighV  KS.Init.B  KS.Int.S  KS.Int.P  KS.Comm.  KS.Barr.   KS.Move   KS.Cmb. KS.Insert  KS.Init.  KS.Term.     Hiar.     KS.UP       xtsub1       xtsub2
   1   16000     23.50802      2.54     20.95      4.36     10.64      0.00      0.00      0.28      1.07      0.20      0.00      1.99      0.00      0.00      1.11      1.01      0.01      0.07      0.00      0.00      0.00      0.00      0.80      3.44      0.00      0.00      0.00      0.00      0.00      0.04      0.00      0.00      0.00      0.00      0.00      0.00      0.00      0.00      0.00      0.00      0.00      0.00      0.00  0.00000D+00  0.00000D+00


 TIME[NB]    1.000000E+00  N    16000  <NB>    80  NPAIRS       0  NMERGE     0 MULT    0 NS    16000  NSTEP(I,B,R,U)       5556246            0      1356939            0  DE   -0.131747E-05  E         -0.414735 M   1.00000000

 NRUN =  1  M# =  0  CPU = 3.91817E-01  TRC = 3.83920E+00  DMIN = 0.1E+03 0.1E+03 0.1E+03 0.1E+03  AMIN = 0.1E+03  RMAX = 0.0E+00  RSMIN = 0.05  NEFF =  2330

    <R>  RTIDE  RDENS   RC      NC   MC   RHOD   RHOM  CMAX   <Cn>  Ir/R      UN      NP    RCM    VCM         AZ     EB/E   EM/E   TCR     T6  NESC  VRMS
 #1 0.84   8.4   0.01  0.19   1242  0.069   20.   216.   36. 107.7  0.04       0       0    0.002  0.0071  -0.010034 -0.000 -0.000  4.38     0     0   5.4

          NIRRF      NBCORR  NNPRED  NBFULL  NBVOID   NICONV  NLSMIN NBSMIN   NBDIS  NBDIS2  NCMDER  NFAST NBFAST      NBLOCK      NBLCKR    NBFLUX
 #2   505735266     1305348        5059           0        3246       51071           0        3214           0           0           0      0      0       51235        5059  13387106

        NKSTRY     NKSREG     NKSHYP     NKSPER  NKSMOD   NTTRY   NTRIP    NQUAD  NCHAIN     NMERG   NEWHI  NSTEPT  NSTEPQ  NSTEPC
 #3      16632          0          0          0       0       0       0        0        0        0       0       0       0       0
 STEP I       0      0      3    157    437    683   1141   4549   4913   2224   1231    445    153     48     12      2      0      2
 STEP R       0      0     37   1226   4091   3397   3355   2411   1104    355     17      6      1
 Max Speedup Irr:     4 3.93E+00    8 7.64E+00   16 1.44E+01   32 2.58E+01   64 4.24E+01  128 6.18E+01  256 7.99E+01  512 9.28E+01 1024 1.01E+02
 Max Speedup Reg:     4 3.97E+00    8 7.84E+00   16 1.53E+01   32 2.92E+01   64 5.32E+01  128 9.00E+01  256 1.37E+02  512 1.86E+02 1024 2.24E+02
 ACCR: RSB,NAME,TIME,EPOT,EKIN,EBH,ECORR,   6.5752250414671031E-005       13375   1.1110251545906067        5.4094819213570381E-010   3.2783705197280723E-002  -3.2807665277849646E-002  -2.3959539620733994E-005
 BHDATA :   1.1110251545906067       0.10002157177822871     
 ACCR: RSB,NAME,TIME,EPOT,EKIN,EBH,ECORR,   6.5613853911663476E-005        5776   1.3365758657455444        1.2881679057220350E-009   6.1210538739259114E-002  -6.1213333547457296E-002  -2.6753059651010713E-005
 BHDATA :   1.3365758657455444       0.10006172754316443     

 ADJUST:  TIME    2.00000D+00  T[Myr]    0.28  Q 0.52  DE   9.649E-04 DELTA   4.268E-04 DETOT   4.262E-04 E  -1.847E-01 EKIN   4.423E-01 POT   6.270E-01 ETIDE   0.000E+00 ETOT  -4.143E-01 EBIN   0.000E+00 EMERGE   0.000E+00 ESUB   0.000E+00 ECOLL   0.000E+00 EMDOT   0.000E+00 ECDOT   0.000E+00 EBLCKHL  -2.296E-01 E_CORR  -2.675E-05 Ediss   0.000E+00

  RMIN = 1.0E-06  DTMIN = 1.0E-05 RHOM = 1.5E+02 RSCALE = 8.0E-01 RSMIN = 5.2E-02  ECLOSE = 1.00  TC =    0
  PE       N        Total     Inti.    Intgrt      Reg.      Irr.      Tbh.     Tdrag.    Taccr.      Pred.   Init.B.      Mdot      Move   Comm.I.   Comm.R.   Send.I.   Send.R.        KS    Adjust     OUT      Barr.   Barr.I.   Barr.R. Reg.GPU.S Reg.GPU.P Comm.Adj. Mdot.Fic.  Mdot.Fc. Mdot.Pot.  Mdot.EC.   Sort.B.    HighV  KS.Init.B  KS.Int.S  KS.Int.P  KS.Comm.  KS.Barr.   KS.Move   KS.Cmb. KS.Insert  KS.Init.  KS.Term.     Hiar.     KS.UP       xtsub1       xtsub2
   1   16000     49.19845      2.54     46.60      9.53     24.40      0.00      0.00      0.70      2.14      0.38      0.00      4.35      0.00      0.00      2.39      2.03      0.02      0.11      0.00      0.01      0.00      0.00      1.60      7.70      0.00      0.00      0.00      0.00      0.00      0.09      0.01      0.00      0.00      0.00      0.00      0.00      0.00      0.00      0.00      0.00      0.00      0.00      0.00  0.00000D+00  0.00000D+00

         CALCULATIONS HALTED * * *
--------------------------------------------------------------------------
mpirun has exited due to process rank 0 with PID 46020 on
node wn14 exiting improperly. There are three reasons this could occur:

1. this process did not call "init" before exiting, but others in
the job did. This can cause a job to hang indefinitely while it waits
for all processes to call "init". By rule, if one process calls "init",
then ALL processes must call "init" prior to termination.

2. this process called "init", but exited without calling "finalize".
By rule, all processes that call "init" MUST call "finalize" prior to
exiting or it will be considered an "abnormal termination"

3. this process called "MPI_Abort" or "orte_abort" and the mca parameter
orte_create_session_dirs is set to false. In this case, the run-time cannot
detect that the abort call was an abnormal termination. Hence, the only
error message you will receive is this one.

This may have caused other processes in the application to be
terminated by signals sent by mpirun (as reported here).

You can avoid this message by specifying -quiet on the mpirun command line.

--------------------------------------------------------------------------
